<?xml version="1.0" encoding="UTF-8"?>
<testsuites name="jest tests" tests="115" failures="53" errors="0" time="103.132">
  <testsuite name="ConfigLoader" errors="0" failures="2" skipped="0" timestamp="2025-07-27T20:11:17" time="1.237" tests="7">
    <testcase classname="ConfigLoader load should load valid configuration file" name="ConfigLoader load should load valid configuration file" time="0.152">
    </testcase>
    <testcase classname="ConfigLoader load should throw error if global section is missing" name="ConfigLoader load should throw error if global section is missing" time="0.066">
    </testcase>
    <testcase classname="ConfigLoader load should throw error if required global fields are missing" name="ConfigLoader load should throw error if required global fields are missing" time="0.053">
      <failure>Error: expect(received).rejects.toThrow(expected)

Expected substring: &quot;Required global configuration field missing: MQTT_SERVER&quot;
Received message:   &quot;MQTT broker configuration missing: need [mqtt] broker or [global] MQTT_SERVER&quot;

      71 |         if (!hasOldFormat &amp;&amp; !hasNewFormat) {
      72 |             if (!mqtt.broker &amp;&amp; !global.MQTT_SERVER) {
    &gt; 73 |                 throw new Error(&apos;MQTT broker configuration missing: need [mqtt] broker or [global] MQTT_SERVER&apos;);
         |                       ^
      74 |             }
      75 |             if (!global.heartbeat_topic &amp;&amp; !global.HEARTBEAT_TOPIC) {
      76 |                 throw new Error(&apos;Heartbeat topic missing: need [global] heartbeat_topic or HEARTBEAT_TOPIC&apos;);

      at ConfigLoader._validateConfig (lib/core/config-loader.js:73:23)
      at ConfigLoader._validateConfig [as _load] (lib/core/config-loader.js:44:18)
      at ConfigLoader.load (lib/core/config-loader.js:23:16)
      at Object.&lt;anonymous&gt; (test/unit/config-loader.test.js:71:13)
    at Object.toThrow (/opt/paradox/apps/pfx/node_modules/expect/build/index.js:218:22)
    at Object.toThrow (/opt/paradox/apps/pfx/test/unit/config-loader.test.js:71:65)
    at Promise.then.completed (/opt/paradox/apps/pfx/node_modules/jest-circus/build/utils.js:298:28)
    at new Promise (&lt;anonymous&gt;)
    at callAsyncCircusFn (/opt/paradox/apps/pfx/node_modules/jest-circus/build/utils.js:231:10)
    at _callCircusTest (/opt/paradox/apps/pfx/node_modules/jest-circus/build/run.js:316:40)
    at processTicksAndRejections (node:internal/process/task_queues:105:5)
    at _runTest (/opt/paradox/apps/pfx/node_modules/jest-circus/build/run.js:252:3)
    at _runTestsForDescribeBlock (/opt/paradox/apps/pfx/node_modules/jest-circus/build/run.js:126:9)
    at _runTestsForDescribeBlock (/opt/paradox/apps/pfx/node_modules/jest-circus/build/run.js:121:9)
    at _runTestsForDescribeBlock (/opt/paradox/apps/pfx/node_modules/jest-circus/build/run.js:121:9)
    at run (/opt/paradox/apps/pfx/node_modules/jest-circus/build/run.js:71:3)
    at runAndTransformResultsToJestFormat (/opt/paradox/apps/pfx/node_modules/jest-circus/build/legacy-code-todo-rewrite/jestAdapterInit.js:122:21)
    at jestAdapter (/opt/paradox/apps/pfx/node_modules/jest-circus/build/legacy-code-todo-rewrite/jestAdapter.js:79:19)
    at runTestInternal (/opt/paradox/apps/pfx/node_modules/jest-runner/build/runTest.js:367:16)
    at runTest (/opt/paradox/apps/pfx/node_modules/jest-runner/build/runTest.js:444:34)
    at Object.worker (/opt/paradox/apps/pfx/node_modules/jest-runner/build/testWorker.js:106:12)</failure>
    </testcase>
    <testcase classname="ConfigLoader load should handle device without DEVICE_TYPE" name="ConfigLoader load should handle device without DEVICE_TYPE" time="0.013">
      <failure>Error: expect(received).rejects.toThrow(expected)

Expected substring: &quot;Device TestDevice missing DEVICE_TYPE&quot;
Received message:   &quot;Device TestDevice missing type or DEVICE_TYPE&quot;

      103 |         const deviceType = config.type || config.DEVICE_TYPE;
      104 |         if (!deviceType) {
    &gt; 105 |             throw new Error(`Device ${deviceName} missing type or DEVICE_TYPE`);
          |                   ^
      106 |         }
      107 |
      108 |         const processed = {

      at ConfigLoader._processDeviceConfig (lib/core/config-loader.js:105:19)
      at ConfigLoader._processDeviceConfig [as _load] (lib/core/config-loader.js:49:53)
      at ConfigLoader.load (lib/core/config-loader.js:23:16)
      at Object.&lt;anonymous&gt; (test/unit/config-loader.test.js:86:13)
    at Object.toThrow (/opt/paradox/apps/pfx/node_modules/expect/build/index.js:218:22)
    at Object.toThrow (/opt/paradox/apps/pfx/test/unit/config-loader.test.js:86:65)
    at Promise.then.completed (/opt/paradox/apps/pfx/node_modules/jest-circus/build/utils.js:298:28)
    at new Promise (&lt;anonymous&gt;)
    at callAsyncCircusFn (/opt/paradox/apps/pfx/node_modules/jest-circus/build/utils.js:231:10)
    at _callCircusTest (/opt/paradox/apps/pfx/node_modules/jest-circus/build/run.js:316:40)
    at processTicksAndRejections (node:internal/process/task_queues:105:5)
    at _runTest (/opt/paradox/apps/pfx/node_modules/jest-circus/build/run.js:252:3)
    at _runTestsForDescribeBlock (/opt/paradox/apps/pfx/node_modules/jest-circus/build/run.js:126:9)
    at _runTestsForDescribeBlock (/opt/paradox/apps/pfx/node_modules/jest-circus/build/run.js:121:9)
    at _runTestsForDescribeBlock (/opt/paradox/apps/pfx/node_modules/jest-circus/build/run.js:121:9)
    at run (/opt/paradox/apps/pfx/node_modules/jest-circus/build/run.js:71:3)
    at runAndTransformResultsToJestFormat (/opt/paradox/apps/pfx/node_modules/jest-circus/build/legacy-code-todo-rewrite/jestAdapterInit.js:122:21)
    at jestAdapter (/opt/paradox/apps/pfx/node_modules/jest-circus/build/legacy-code-todo-rewrite/jestAdapter.js:79:19)
    at runTestInternal (/opt/paradox/apps/pfx/node_modules/jest-runner/build/runTest.js:367:16)
    at runTest (/opt/paradox/apps/pfx/node_modules/jest-runner/build/runTest.js:444:34)
    at Object.worker (/opt/paradox/apps/pfx/node_modules/jest-runner/build/testWorker.js:106:12)</failure>
    </testcase>
    <testcase classname="ConfigLoader load should process screen device configuration correctly" name="ConfigLoader load should process screen device configuration correctly" time="0.009">
    </testcase>
    <testcase classname="ConfigLoader load should process light device configuration correctly" name="ConfigLoader load should process light device configuration correctly" time="0.003">
    </testcase>
    <testcase classname="ConfigLoader load should handle file read errors" name="ConfigLoader load should handle file read errors" time="0.012">
    </testcase>
  </testsuite>
  <testsuite name="MediaPlayerFactory Integration Tests" errors="0" failures="30" skipped="0" timestamp="2025-07-27T20:11:17" time="1.478" tests="32">
    <testcase classname="MediaPlayerFactory Integration Tests Image Playback Tests should play JPEG image: default.jpg" name="MediaPlayerFactory Integration Tests Image Playback Tests should play JPEG image: default.jpg" time="0.017">
      <failure>TypeError: factory.createPlayer is not a function
    at Object.createPlayer (/opt/paradox/apps/pfx/test/integration/media-playback.test.js:65:40)
    at Promise.then.completed (/opt/paradox/apps/pfx/node_modules/jest-circus/build/utils.js:298:28)
    at new Promise (&lt;anonymous&gt;)
    at callAsyncCircusFn (/opt/paradox/apps/pfx/node_modules/jest-circus/build/utils.js:231:10)
    at _callCircusTest (/opt/paradox/apps/pfx/node_modules/jest-circus/build/run.js:316:40)
    at processTicksAndRejections (node:internal/process/task_queues:105:5)
    at _runTest (/opt/paradox/apps/pfx/node_modules/jest-circus/build/run.js:252:3)
    at _runTestsForDescribeBlock (/opt/paradox/apps/pfx/node_modules/jest-circus/build/run.js:126:9)
    at _runTestsForDescribeBlock (/opt/paradox/apps/pfx/node_modules/jest-circus/build/run.js:121:9)
    at _runTestsForDescribeBlock (/opt/paradox/apps/pfx/node_modules/jest-circus/build/run.js:121:9)
    at run (/opt/paradox/apps/pfx/node_modules/jest-circus/build/run.js:71:3)
    at runAndTransformResultsToJestFormat (/opt/paradox/apps/pfx/node_modules/jest-circus/build/legacy-code-todo-rewrite/jestAdapterInit.js:122:21)
    at jestAdapter (/opt/paradox/apps/pfx/node_modules/jest-circus/build/legacy-code-todo-rewrite/jestAdapter.js:79:19)
    at runTestInternal (/opt/paradox/apps/pfx/node_modules/jest-runner/build/runTest.js:367:16)
    at runTest (/opt/paradox/apps/pfx/node_modules/jest-runner/build/runTest.js:444:34)
    at Object.worker (/opt/paradox/apps/pfx/node_modules/jest-runner/build/testWorker.js:106:12)</failure>
    </testcase>
    <testcase classname="MediaPlayerFactory Integration Tests Image Playback Tests should play High Quality JPEG image: default_hq.jpg" name="MediaPlayerFactory Integration Tests Image Playback Tests should play High Quality JPEG image: default_hq.jpg" time="0.001">
      <failure>TypeError: factory.createPlayer is not a function
    at Object.createPlayer (/opt/paradox/apps/pfx/test/integration/media-playback.test.js:65:40)
    at Promise.then.completed (/opt/paradox/apps/pfx/node_modules/jest-circus/build/utils.js:298:28)
    at new Promise (&lt;anonymous&gt;)
    at callAsyncCircusFn (/opt/paradox/apps/pfx/node_modules/jest-circus/build/utils.js:231:10)
    at _callCircusTest (/opt/paradox/apps/pfx/node_modules/jest-circus/build/run.js:316:40)
    at processTicksAndRejections (node:internal/process/task_queues:105:5)
    at _runTest (/opt/paradox/apps/pfx/node_modules/jest-circus/build/run.js:252:3)
    at _runTestsForDescribeBlock (/opt/paradox/apps/pfx/node_modules/jest-circus/build/run.js:126:9)
    at _runTestsForDescribeBlock (/opt/paradox/apps/pfx/node_modules/jest-circus/build/run.js:121:9)
    at _runTestsForDescribeBlock (/opt/paradox/apps/pfx/node_modules/jest-circus/build/run.js:121:9)
    at run (/opt/paradox/apps/pfx/node_modules/jest-circus/build/run.js:71:3)
    at runAndTransformResultsToJestFormat (/opt/paradox/apps/pfx/node_modules/jest-circus/build/legacy-code-todo-rewrite/jestAdapterInit.js:122:21)
    at jestAdapter (/opt/paradox/apps/pfx/node_modules/jest-circus/build/legacy-code-todo-rewrite/jestAdapter.js:79:19)
    at runTestInternal (/opt/paradox/apps/pfx/node_modules/jest-runner/build/runTest.js:367:16)
    at runTest (/opt/paradox/apps/pfx/node_modules/jest-runner/build/runTest.js:444:34)
    at Object.worker (/opt/paradox/apps/pfx/node_modules/jest-runner/build/testWorker.js:106:12)</failure>
    </testcase>
    <testcase classname="MediaPlayerFactory Integration Tests Image Playback Tests should play Low Quality JPEG image: default_lq.jpg" name="MediaPlayerFactory Integration Tests Image Playback Tests should play Low Quality JPEG image: default_lq.jpg" time="0.001">
      <failure>TypeError: factory.createPlayer is not a function
    at Object.createPlayer (/opt/paradox/apps/pfx/test/integration/media-playback.test.js:65:40)
    at Promise.then.completed (/opt/paradox/apps/pfx/node_modules/jest-circus/build/utils.js:298:28)
    at new Promise (&lt;anonymous&gt;)
    at callAsyncCircusFn (/opt/paradox/apps/pfx/node_modules/jest-circus/build/utils.js:231:10)
    at _callCircusTest (/opt/paradox/apps/pfx/node_modules/jest-circus/build/run.js:316:40)
    at processTicksAndRejections (node:internal/process/task_queues:105:5)
    at _runTest (/opt/paradox/apps/pfx/node_modules/jest-circus/build/run.js:252:3)
    at _runTestsForDescribeBlock (/opt/paradox/apps/pfx/node_modules/jest-circus/build/run.js:126:9)
    at _runTestsForDescribeBlock (/opt/paradox/apps/pfx/node_modules/jest-circus/build/run.js:121:9)
    at _runTestsForDescribeBlock (/opt/paradox/apps/pfx/node_modules/jest-circus/build/run.js:121:9)
    at run (/opt/paradox/apps/pfx/node_modules/jest-circus/build/run.js:71:3)
    at runAndTransformResultsToJestFormat (/opt/paradox/apps/pfx/node_modules/jest-circus/build/legacy-code-todo-rewrite/jestAdapterInit.js:122:21)
    at jestAdapter (/opt/paradox/apps/pfx/node_modules/jest-circus/build/legacy-code-todo-rewrite/jestAdapter.js:79:19)
    at runTestInternal (/opt/paradox/apps/pfx/node_modules/jest-runner/build/runTest.js:367:16)
    at runTest (/opt/paradox/apps/pfx/node_modules/jest-runner/build/runTest.js:444:34)
    at Object.worker (/opt/paradox/apps/pfx/node_modules/jest-runner/build/testWorker.js:106:12)</failure>
    </testcase>
    <testcase classname="MediaPlayerFactory Integration Tests Image Playback Tests should play PNG image: default.png" name="MediaPlayerFactory Integration Tests Image Playback Tests should play PNG image: default.png" time="0.001">
      <failure>TypeError: factory.createPlayer is not a function
    at Object.createPlayer (/opt/paradox/apps/pfx/test/integration/media-playback.test.js:65:40)
    at Promise.then.completed (/opt/paradox/apps/pfx/node_modules/jest-circus/build/utils.js:298:28)
    at new Promise (&lt;anonymous&gt;)
    at callAsyncCircusFn (/opt/paradox/apps/pfx/node_modules/jest-circus/build/utils.js:231:10)
    at _callCircusTest (/opt/paradox/apps/pfx/node_modules/jest-circus/build/run.js:316:40)
    at processTicksAndRejections (node:internal/process/task_queues:105:5)
    at _runTest (/opt/paradox/apps/pfx/node_modules/jest-circus/build/run.js:252:3)
    at _runTestsForDescribeBlock (/opt/paradox/apps/pfx/node_modules/jest-circus/build/run.js:126:9)
    at _runTestsForDescribeBlock (/opt/paradox/apps/pfx/node_modules/jest-circus/build/run.js:121:9)
    at _runTestsForDescribeBlock (/opt/paradox/apps/pfx/node_modules/jest-circus/build/run.js:121:9)
    at run (/opt/paradox/apps/pfx/node_modules/jest-circus/build/run.js:71:3)
    at runAndTransformResultsToJestFormat (/opt/paradox/apps/pfx/node_modules/jest-circus/build/legacy-code-todo-rewrite/jestAdapterInit.js:122:21)
    at jestAdapter (/opt/paradox/apps/pfx/node_modules/jest-circus/build/legacy-code-todo-rewrite/jestAdapter.js:79:19)
    at runTestInternal (/opt/paradox/apps/pfx/node_modules/jest-runner/build/runTest.js:367:16)
    at runTest (/opt/paradox/apps/pfx/node_modules/jest-runner/build/runTest.js:444:34)
    at Object.worker (/opt/paradox/apps/pfx/node_modules/jest-runner/build/testWorker.js:106:12)</failure>
    </testcase>
    <testcase classname="MediaPlayerFactory Integration Tests Image Playback Tests should play 24-bit PNG image: houdini_picture_24bit.png" name="MediaPlayerFactory Integration Tests Image Playback Tests should play 24-bit PNG image: houdini_picture_24bit.png" time="0.001">
      <failure>TypeError: factory.createPlayer is not a function
    at Object.createPlayer (/opt/paradox/apps/pfx/test/integration/media-playback.test.js:65:40)
    at Promise.then.completed (/opt/paradox/apps/pfx/node_modules/jest-circus/build/utils.js:298:28)
    at new Promise (&lt;anonymous&gt;)
    at callAsyncCircusFn (/opt/paradox/apps/pfx/node_modules/jest-circus/build/utils.js:231:10)
    at _callCircusTest (/opt/paradox/apps/pfx/node_modules/jest-circus/build/run.js:316:40)
    at processTicksAndRejections (node:internal/process/task_queues:105:5)
    at _runTest (/opt/paradox/apps/pfx/node_modules/jest-circus/build/run.js:252:3)
    at _runTestsForDescribeBlock (/opt/paradox/apps/pfx/node_modules/jest-circus/build/run.js:126:9)
    at _runTestsForDescribeBlock (/opt/paradox/apps/pfx/node_modules/jest-circus/build/run.js:121:9)
    at _runTestsForDescribeBlock (/opt/paradox/apps/pfx/node_modules/jest-circus/build/run.js:121:9)
    at run (/opt/paradox/apps/pfx/node_modules/jest-circus/build/run.js:71:3)
    at runAndTransformResultsToJestFormat (/opt/paradox/apps/pfx/node_modules/jest-circus/build/legacy-code-todo-rewrite/jestAdapterInit.js:122:21)
    at jestAdapter (/opt/paradox/apps/pfx/node_modules/jest-circus/build/legacy-code-todo-rewrite/jestAdapter.js:79:19)
    at runTestInternal (/opt/paradox/apps/pfx/node_modules/jest-runner/build/runTest.js:367:16)
    at runTest (/opt/paradox/apps/pfx/node_modules/jest-runner/build/runTest.js:444:34)
    at Object.worker (/opt/paradox/apps/pfx/node_modules/jest-runner/build/testWorker.js:106:12)</failure>
    </testcase>
    <testcase classname="MediaPlayerFactory Integration Tests Image Playback Tests should play GIF image: default.gif" name="MediaPlayerFactory Integration Tests Image Playback Tests should play GIF image: default.gif" time="0.001">
      <failure>TypeError: factory.createPlayer is not a function
    at Object.createPlayer (/opt/paradox/apps/pfx/test/integration/media-playback.test.js:65:40)
    at Promise.then.completed (/opt/paradox/apps/pfx/node_modules/jest-circus/build/utils.js:298:28)
    at new Promise (&lt;anonymous&gt;)
    at callAsyncCircusFn (/opt/paradox/apps/pfx/node_modules/jest-circus/build/utils.js:231:10)
    at _callCircusTest (/opt/paradox/apps/pfx/node_modules/jest-circus/build/run.js:316:40)
    at processTicksAndRejections (node:internal/process/task_queues:105:5)
    at _runTest (/opt/paradox/apps/pfx/node_modules/jest-circus/build/run.js:252:3)
    at _runTestsForDescribeBlock (/opt/paradox/apps/pfx/node_modules/jest-circus/build/run.js:126:9)
    at _runTestsForDescribeBlock (/opt/paradox/apps/pfx/node_modules/jest-circus/build/run.js:121:9)
    at _runTestsForDescribeBlock (/opt/paradox/apps/pfx/node_modules/jest-circus/build/run.js:121:9)
    at run (/opt/paradox/apps/pfx/node_modules/jest-circus/build/run.js:71:3)
    at runAndTransformResultsToJestFormat (/opt/paradox/apps/pfx/node_modules/jest-circus/build/legacy-code-todo-rewrite/jestAdapterInit.js:122:21)
    at jestAdapter (/opt/paradox/apps/pfx/node_modules/jest-circus/build/legacy-code-todo-rewrite/jestAdapter.js:79:19)
    at runTestInternal (/opt/paradox/apps/pfx/node_modules/jest-runner/build/runTest.js:367:16)
    at runTest (/opt/paradox/apps/pfx/node_modules/jest-runner/build/runTest.js:444:34)
    at Object.worker (/opt/paradox/apps/pfx/node_modules/jest-runner/build/testWorker.js:106:12)</failure>
    </testcase>
    <testcase classname="MediaPlayerFactory Integration Tests Image Playback Tests should play BMP image: default.bmp" name="MediaPlayerFactory Integration Tests Image Playback Tests should play BMP image: default.bmp" time="0">
      <failure>TypeError: factory.createPlayer is not a function
    at Object.createPlayer (/opt/paradox/apps/pfx/test/integration/media-playback.test.js:65:40)
    at Promise.then.completed (/opt/paradox/apps/pfx/node_modules/jest-circus/build/utils.js:298:28)
    at new Promise (&lt;anonymous&gt;)
    at callAsyncCircusFn (/opt/paradox/apps/pfx/node_modules/jest-circus/build/utils.js:231:10)
    at _callCircusTest (/opt/paradox/apps/pfx/node_modules/jest-circus/build/run.js:316:40)
    at processTicksAndRejections (node:internal/process/task_queues:105:5)
    at _runTest (/opt/paradox/apps/pfx/node_modules/jest-circus/build/run.js:252:3)
    at _runTestsForDescribeBlock (/opt/paradox/apps/pfx/node_modules/jest-circus/build/run.js:126:9)
    at _runTestsForDescribeBlock (/opt/paradox/apps/pfx/node_modules/jest-circus/build/run.js:121:9)
    at _runTestsForDescribeBlock (/opt/paradox/apps/pfx/node_modules/jest-circus/build/run.js:121:9)
    at run (/opt/paradox/apps/pfx/node_modules/jest-circus/build/run.js:71:3)
    at runAndTransformResultsToJestFormat (/opt/paradox/apps/pfx/node_modules/jest-circus/build/legacy-code-todo-rewrite/jestAdapterInit.js:122:21)
    at jestAdapter (/opt/paradox/apps/pfx/node_modules/jest-circus/build/legacy-code-todo-rewrite/jestAdapter.js:79:19)
    at runTestInternal (/opt/paradox/apps/pfx/node_modules/jest-runner/build/runTest.js:367:16)
    at runTest (/opt/paradox/apps/pfx/node_modules/jest-runner/build/runTest.js:444:34)
    at Object.worker (/opt/paradox/apps/pfx/node_modules/jest-runner/build/testWorker.js:106:12)</failure>
    </testcase>
    <testcase classname="MediaPlayerFactory Integration Tests Image Playback Tests should play TIFF image: default.tiff" name="MediaPlayerFactory Integration Tests Image Playback Tests should play TIFF image: default.tiff" time="0.001">
      <failure>TypeError: factory.createPlayer is not a function
    at Object.createPlayer (/opt/paradox/apps/pfx/test/integration/media-playback.test.js:65:40)
    at Promise.then.completed (/opt/paradox/apps/pfx/node_modules/jest-circus/build/utils.js:298:28)
    at new Promise (&lt;anonymous&gt;)
    at callAsyncCircusFn (/opt/paradox/apps/pfx/node_modules/jest-circus/build/utils.js:231:10)
    at _callCircusTest (/opt/paradox/apps/pfx/node_modules/jest-circus/build/run.js:316:40)
    at processTicksAndRejections (node:internal/process/task_queues:105:5)
    at _runTest (/opt/paradox/apps/pfx/node_modules/jest-circus/build/run.js:252:3)
    at _runTestsForDescribeBlock (/opt/paradox/apps/pfx/node_modules/jest-circus/build/run.js:126:9)
    at _runTestsForDescribeBlock (/opt/paradox/apps/pfx/node_modules/jest-circus/build/run.js:121:9)
    at _runTestsForDescribeBlock (/opt/paradox/apps/pfx/node_modules/jest-circus/build/run.js:121:9)
    at run (/opt/paradox/apps/pfx/node_modules/jest-circus/build/run.js:71:3)
    at runAndTransformResultsToJestFormat (/opt/paradox/apps/pfx/node_modules/jest-circus/build/legacy-code-todo-rewrite/jestAdapterInit.js:122:21)
    at jestAdapter (/opt/paradox/apps/pfx/node_modules/jest-circus/build/legacy-code-todo-rewrite/jestAdapter.js:79:19)
    at runTestInternal (/opt/paradox/apps/pfx/node_modules/jest-runner/build/runTest.js:367:16)
    at runTest (/opt/paradox/apps/pfx/node_modules/jest-runner/build/runTest.js:444:34)
    at Object.worker (/opt/paradox/apps/pfx/node_modules/jest-runner/build/testWorker.js:106:12)</failure>
    </testcase>
    <testcase classname="MediaPlayerFactory Integration Tests Image Playback Tests should play WebP image: default.webp" name="MediaPlayerFactory Integration Tests Image Playback Tests should play WebP image: default.webp" time="0.001">
      <failure>TypeError: factory.createPlayer is not a function
    at Object.createPlayer (/opt/paradox/apps/pfx/test/integration/media-playback.test.js:65:40)
    at Promise.then.completed (/opt/paradox/apps/pfx/node_modules/jest-circus/build/utils.js:298:28)
    at new Promise (&lt;anonymous&gt;)
    at callAsyncCircusFn (/opt/paradox/apps/pfx/node_modules/jest-circus/build/utils.js:231:10)
    at _callCircusTest (/opt/paradox/apps/pfx/node_modules/jest-circus/build/run.js:316:40)
    at processTicksAndRejections (node:internal/process/task_queues:105:5)
    at _runTest (/opt/paradox/apps/pfx/node_modules/jest-circus/build/run.js:252:3)
    at _runTestsForDescribeBlock (/opt/paradox/apps/pfx/node_modules/jest-circus/build/run.js:126:9)
    at _runTestsForDescribeBlock (/opt/paradox/apps/pfx/node_modules/jest-circus/build/run.js:121:9)
    at _runTestsForDescribeBlock (/opt/paradox/apps/pfx/node_modules/jest-circus/build/run.js:121:9)
    at run (/opt/paradox/apps/pfx/node_modules/jest-circus/build/run.js:71:3)
    at runAndTransformResultsToJestFormat (/opt/paradox/apps/pfx/node_modules/jest-circus/build/legacy-code-todo-rewrite/jestAdapterInit.js:122:21)
    at jestAdapter (/opt/paradox/apps/pfx/node_modules/jest-circus/build/legacy-code-todo-rewrite/jestAdapter.js:79:19)
    at runTestInternal (/opt/paradox/apps/pfx/node_modules/jest-runner/build/runTest.js:367:16)
    at runTest (/opt/paradox/apps/pfx/node_modules/jest-runner/build/runTest.js:444:34)
    at Object.worker (/opt/paradox/apps/pfx/node_modules/jest-runner/build/testWorker.js:106:12)</failure>
    </testcase>
    <testcase classname="MediaPlayerFactory Integration Tests Image Playback Tests should handle different image quality levels" name="MediaPlayerFactory Integration Tests Image Playback Tests should handle different image quality levels" time="0.002">
      <failure>TypeError: factory.createPlayer is not a function
    at createPlayer (/opt/paradox/apps/pfx/test/integration/media-playback.test.js:97:40)
    at Array.map (&lt;anonymous&gt;)
    at Object.map (/opt/paradox/apps/pfx/test/integration/media-playback.test.js:95:44)
    at Promise.then.completed (/opt/paradox/apps/pfx/node_modules/jest-circus/build/utils.js:298:28)
    at new Promise (&lt;anonymous&gt;)
    at callAsyncCircusFn (/opt/paradox/apps/pfx/node_modules/jest-circus/build/utils.js:231:10)
    at _callCircusTest (/opt/paradox/apps/pfx/node_modules/jest-circus/build/run.js:316:40)
    at processTicksAndRejections (node:internal/process/task_queues:105:5)
    at _runTest (/opt/paradox/apps/pfx/node_modules/jest-circus/build/run.js:252:3)
    at _runTestsForDescribeBlock (/opt/paradox/apps/pfx/node_modules/jest-circus/build/run.js:126:9)
    at _runTestsForDescribeBlock (/opt/paradox/apps/pfx/node_modules/jest-circus/build/run.js:121:9)
    at _runTestsForDescribeBlock (/opt/paradox/apps/pfx/node_modules/jest-circus/build/run.js:121:9)
    at run (/opt/paradox/apps/pfx/node_modules/jest-circus/build/run.js:71:3)
    at runAndTransformResultsToJestFormat (/opt/paradox/apps/pfx/node_modules/jest-circus/build/legacy-code-todo-rewrite/jestAdapterInit.js:122:21)
    at jestAdapter (/opt/paradox/apps/pfx/node_modules/jest-circus/build/legacy-code-todo-rewrite/jestAdapter.js:79:19)
    at runTestInternal (/opt/paradox/apps/pfx/node_modules/jest-runner/build/runTest.js:367:16)
    at runTest (/opt/paradox/apps/pfx/node_modules/jest-runner/build/runTest.js:444:34)
    at Object.worker (/opt/paradox/apps/pfx/node_modules/jest-runner/build/testWorker.js:106:12)</failure>
    </testcase>
    <testcase classname="MediaPlayerFactory Integration Tests Video Playback Tests should play MP4 video: default.mp4" name="MediaPlayerFactory Integration Tests Video Playback Tests should play MP4 video: default.mp4" time="0.001">
      <failure>TypeError: factory.createPlayer is not a function
    at Object.createPlayer (/opt/paradox/apps/pfx/test/integration/media-playback.test.js:128:40)
    at Promise.then.completed (/opt/paradox/apps/pfx/node_modules/jest-circus/build/utils.js:298:28)
    at new Promise (&lt;anonymous&gt;)
    at callAsyncCircusFn (/opt/paradox/apps/pfx/node_modules/jest-circus/build/utils.js:231:10)
    at _callCircusTest (/opt/paradox/apps/pfx/node_modules/jest-circus/build/run.js:316:40)
    at processTicksAndRejections (node:internal/process/task_queues:105:5)
    at _runTest (/opt/paradox/apps/pfx/node_modules/jest-circus/build/run.js:252:3)
    at _runTestsForDescribeBlock (/opt/paradox/apps/pfx/node_modules/jest-circus/build/run.js:126:9)
    at _runTestsForDescribeBlock (/opt/paradox/apps/pfx/node_modules/jest-circus/build/run.js:121:9)
    at _runTestsForDescribeBlock (/opt/paradox/apps/pfx/node_modules/jest-circus/build/run.js:121:9)
    at run (/opt/paradox/apps/pfx/node_modules/jest-circus/build/run.js:71:3)
    at runAndTransformResultsToJestFormat (/opt/paradox/apps/pfx/node_modules/jest-circus/build/legacy-code-todo-rewrite/jestAdapterInit.js:122:21)
    at jestAdapter (/opt/paradox/apps/pfx/node_modules/jest-circus/build/legacy-code-todo-rewrite/jestAdapter.js:79:19)
    at runTestInternal (/opt/paradox/apps/pfx/node_modules/jest-runner/build/runTest.js:367:16)
    at runTest (/opt/paradox/apps/pfx/node_modules/jest-runner/build/runTest.js:444:34)
    at Object.worker (/opt/paradox/apps/pfx/node_modules/jest-runner/build/testWorker.js:106:12)</failure>
    </testcase>
    <testcase classname="MediaPlayerFactory Integration Tests Video Playback Tests should play Short MP4 video: intro_short.mp4" name="MediaPlayerFactory Integration Tests Video Playback Tests should play Short MP4 video: intro_short.mp4" time="0.001">
      <failure>TypeError: factory.createPlayer is not a function
    at Object.createPlayer (/opt/paradox/apps/pfx/test/integration/media-playback.test.js:128:40)
    at Promise.then.completed (/opt/paradox/apps/pfx/node_modules/jest-circus/build/utils.js:298:28)
    at new Promise (&lt;anonymous&gt;)
    at callAsyncCircusFn (/opt/paradox/apps/pfx/node_modules/jest-circus/build/utils.js:231:10)
    at _callCircusTest (/opt/paradox/apps/pfx/node_modules/jest-circus/build/run.js:316:40)
    at processTicksAndRejections (node:internal/process/task_queues:105:5)
    at _runTest (/opt/paradox/apps/pfx/node_modules/jest-circus/build/run.js:252:3)
    at _runTestsForDescribeBlock (/opt/paradox/apps/pfx/node_modules/jest-circus/build/run.js:126:9)
    at _runTestsForDescribeBlock (/opt/paradox/apps/pfx/node_modules/jest-circus/build/run.js:121:9)
    at _runTestsForDescribeBlock (/opt/paradox/apps/pfx/node_modules/jest-circus/build/run.js:121:9)
    at run (/opt/paradox/apps/pfx/node_modules/jest-circus/build/run.js:71:3)
    at runAndTransformResultsToJestFormat (/opt/paradox/apps/pfx/node_modules/jest-circus/build/legacy-code-todo-rewrite/jestAdapterInit.js:122:21)
    at jestAdapter (/opt/paradox/apps/pfx/node_modules/jest-circus/build/legacy-code-todo-rewrite/jestAdapter.js:79:19)
    at runTestInternal (/opt/paradox/apps/pfx/node_modules/jest-runner/build/runTest.js:367:16)
    at runTest (/opt/paradox/apps/pfx/node_modules/jest-runner/build/runTest.js:444:34)
    at Object.worker (/opt/paradox/apps/pfx/node_modules/jest-runner/build/testWorker.js:106:12)</failure>
    </testcase>
    <testcase classname="MediaPlayerFactory Integration Tests Video Playback Tests should play AVI video: default.avi" name="MediaPlayerFactory Integration Tests Video Playback Tests should play AVI video: default.avi" time="0.001">
      <failure>TypeError: factory.createPlayer is not a function
    at Object.createPlayer (/opt/paradox/apps/pfx/test/integration/media-playback.test.js:128:40)
    at Promise.then.completed (/opt/paradox/apps/pfx/node_modules/jest-circus/build/utils.js:298:28)
    at new Promise (&lt;anonymous&gt;)
    at callAsyncCircusFn (/opt/paradox/apps/pfx/node_modules/jest-circus/build/utils.js:231:10)
    at _callCircusTest (/opt/paradox/apps/pfx/node_modules/jest-circus/build/run.js:316:40)
    at processTicksAndRejections (node:internal/process/task_queues:105:5)
    at _runTest (/opt/paradox/apps/pfx/node_modules/jest-circus/build/run.js:252:3)
    at _runTestsForDescribeBlock (/opt/paradox/apps/pfx/node_modules/jest-circus/build/run.js:126:9)
    at _runTestsForDescribeBlock (/opt/paradox/apps/pfx/node_modules/jest-circus/build/run.js:121:9)
    at _runTestsForDescribeBlock (/opt/paradox/apps/pfx/node_modules/jest-circus/build/run.js:121:9)
    at run (/opt/paradox/apps/pfx/node_modules/jest-circus/build/run.js:71:3)
    at runAndTransformResultsToJestFormat (/opt/paradox/apps/pfx/node_modules/jest-circus/build/legacy-code-todo-rewrite/jestAdapterInit.js:122:21)
    at jestAdapter (/opt/paradox/apps/pfx/node_modules/jest-circus/build/legacy-code-todo-rewrite/jestAdapter.js:79:19)
    at runTestInternal (/opt/paradox/apps/pfx/node_modules/jest-runner/build/runTest.js:367:16)
    at runTest (/opt/paradox/apps/pfx/node_modules/jest-runner/build/runTest.js:444:34)
    at Object.worker (/opt/paradox/apps/pfx/node_modules/jest-runner/build/testWorker.js:106:12)</failure>
    </testcase>
    <testcase classname="MediaPlayerFactory Integration Tests Video Playback Tests should play MKV video: default.mkv" name="MediaPlayerFactory Integration Tests Video Playback Tests should play MKV video: default.mkv" time="0.001">
      <failure>TypeError: factory.createPlayer is not a function
    at Object.createPlayer (/opt/paradox/apps/pfx/test/integration/media-playback.test.js:128:40)
    at Promise.then.completed (/opt/paradox/apps/pfx/node_modules/jest-circus/build/utils.js:298:28)
    at new Promise (&lt;anonymous&gt;)
    at callAsyncCircusFn (/opt/paradox/apps/pfx/node_modules/jest-circus/build/utils.js:231:10)
    at _callCircusTest (/opt/paradox/apps/pfx/node_modules/jest-circus/build/run.js:316:40)
    at processTicksAndRejections (node:internal/process/task_queues:105:5)
    at _runTest (/opt/paradox/apps/pfx/node_modules/jest-circus/build/run.js:252:3)
    at _runTestsForDescribeBlock (/opt/paradox/apps/pfx/node_modules/jest-circus/build/run.js:126:9)
    at _runTestsForDescribeBlock (/opt/paradox/apps/pfx/node_modules/jest-circus/build/run.js:121:9)
    at _runTestsForDescribeBlock (/opt/paradox/apps/pfx/node_modules/jest-circus/build/run.js:121:9)
    at run (/opt/paradox/apps/pfx/node_modules/jest-circus/build/run.js:71:3)
    at runAndTransformResultsToJestFormat (/opt/paradox/apps/pfx/node_modules/jest-circus/build/legacy-code-todo-rewrite/jestAdapterInit.js:122:21)
    at jestAdapter (/opt/paradox/apps/pfx/node_modules/jest-circus/build/legacy-code-todo-rewrite/jestAdapter.js:79:19)
    at runTestInternal (/opt/paradox/apps/pfx/node_modules/jest-runner/build/runTest.js:367:16)
    at runTest (/opt/paradox/apps/pfx/node_modules/jest-runner/build/runTest.js:444:34)
    at Object.worker (/opt/paradox/apps/pfx/node_modules/jest-runner/build/testWorker.js:106:12)</failure>
    </testcase>
    <testcase classname="MediaPlayerFactory Integration Tests Video Playback Tests should handle video format compatibility" name="MediaPlayerFactory Integration Tests Video Playback Tests should handle video format compatibility" time="0.004">
      <failure>TypeError: factory.createPlayer is not a function
    at createPlayer (/opt/paradox/apps/pfx/test/integration/media-playback.test.js:150:40)
    at Array.forEach (&lt;anonymous&gt;)
    at Object.forEach (/opt/paradox/apps/pfx/test/integration/media-playback.test.js:148:29)
    at Promise.then.completed (/opt/paradox/apps/pfx/node_modules/jest-circus/build/utils.js:298:28)
    at new Promise (&lt;anonymous&gt;)
    at callAsyncCircusFn (/opt/paradox/apps/pfx/node_modules/jest-circus/build/utils.js:231:10)
    at _callCircusTest (/opt/paradox/apps/pfx/node_modules/jest-circus/build/run.js:316:40)
    at processTicksAndRejections (node:internal/process/task_queues:105:5)
    at _runTest (/opt/paradox/apps/pfx/node_modules/jest-circus/build/run.js:252:3)
    at _runTestsForDescribeBlock (/opt/paradox/apps/pfx/node_modules/jest-circus/build/run.js:126:9)
    at _runTestsForDescribeBlock (/opt/paradox/apps/pfx/node_modules/jest-circus/build/run.js:121:9)
    at _runTestsForDescribeBlock (/opt/paradox/apps/pfx/node_modules/jest-circus/build/run.js:121:9)
    at run (/opt/paradox/apps/pfx/node_modules/jest-circus/build/run.js:71:3)
    at runAndTransformResultsToJestFormat (/opt/paradox/apps/pfx/node_modules/jest-circus/build/legacy-code-todo-rewrite/jestAdapterInit.js:122:21)
    at jestAdapter (/opt/paradox/apps/pfx/node_modules/jest-circus/build/legacy-code-todo-rewrite/jestAdapter.js:79:19)
    at runTestInternal (/opt/paradox/apps/pfx/node_modules/jest-runner/build/runTest.js:367:16)
    at runTest (/opt/paradox/apps/pfx/node_modules/jest-runner/build/runTest.js:444:34)
    at Object.worker (/opt/paradox/apps/pfx/node_modules/jest-runner/build/testWorker.js:106:12)</failure>
    </testcase>
    <testcase classname="MediaPlayerFactory Integration Tests Audio Playback Tests should play MP3 audio: default.mp3" name="MediaPlayerFactory Integration Tests Audio Playback Tests should play MP3 audio: default.mp3" time="0.001">
      <failure>TypeError: factory.createPlayer is not a function
    at Object.createPlayer (/opt/paradox/apps/pfx/test/integration/media-playback.test.js:189:40)
    at Promise.then.completed (/opt/paradox/apps/pfx/node_modules/jest-circus/build/utils.js:298:28)
    at new Promise (&lt;anonymous&gt;)
    at callAsyncCircusFn (/opt/paradox/apps/pfx/node_modules/jest-circus/build/utils.js:231:10)
    at _callCircusTest (/opt/paradox/apps/pfx/node_modules/jest-circus/build/run.js:316:40)
    at processTicksAndRejections (node:internal/process/task_queues:105:5)
    at _runTest (/opt/paradox/apps/pfx/node_modules/jest-circus/build/run.js:252:3)
    at _runTestsForDescribeBlock (/opt/paradox/apps/pfx/node_modules/jest-circus/build/run.js:126:9)
    at _runTestsForDescribeBlock (/opt/paradox/apps/pfx/node_modules/jest-circus/build/run.js:121:9)
    at _runTestsForDescribeBlock (/opt/paradox/apps/pfx/node_modules/jest-circus/build/run.js:121:9)
    at run (/opt/paradox/apps/pfx/node_modules/jest-circus/build/run.js:71:3)
    at runAndTransformResultsToJestFormat (/opt/paradox/apps/pfx/node_modules/jest-circus/build/legacy-code-todo-rewrite/jestAdapterInit.js:122:21)
    at jestAdapter (/opt/paradox/apps/pfx/node_modules/jest-circus/build/legacy-code-todo-rewrite/jestAdapter.js:79:19)
    at runTestInternal (/opt/paradox/apps/pfx/node_modules/jest-runner/build/runTest.js:367:16)
    at runTest (/opt/paradox/apps/pfx/node_modules/jest-runner/build/runTest.js:444:34)
    at Object.worker (/opt/paradox/apps/pfx/node_modules/jest-runner/build/testWorker.js:106:12)</failure>
    </testcase>
    <testcase classname="MediaPlayerFactory Integration Tests Audio Playback Tests should play High Quality MP3 audio: default_hq.mp3" name="MediaPlayerFactory Integration Tests Audio Playback Tests should play High Quality MP3 audio: default_hq.mp3" time="0.001">
      <failure>TypeError: factory.createPlayer is not a function
    at Object.createPlayer (/opt/paradox/apps/pfx/test/integration/media-playback.test.js:189:40)
    at Promise.then.completed (/opt/paradox/apps/pfx/node_modules/jest-circus/build/utils.js:298:28)
    at new Promise (&lt;anonymous&gt;)
    at callAsyncCircusFn (/opt/paradox/apps/pfx/node_modules/jest-circus/build/utils.js:231:10)
    at _callCircusTest (/opt/paradox/apps/pfx/node_modules/jest-circus/build/run.js:316:40)
    at processTicksAndRejections (node:internal/process/task_queues:105:5)
    at _runTest (/opt/paradox/apps/pfx/node_modules/jest-circus/build/run.js:252:3)
    at _runTestsForDescribeBlock (/opt/paradox/apps/pfx/node_modules/jest-circus/build/run.js:126:9)
    at _runTestsForDescribeBlock (/opt/paradox/apps/pfx/node_modules/jest-circus/build/run.js:121:9)
    at _runTestsForDescribeBlock (/opt/paradox/apps/pfx/node_modules/jest-circus/build/run.js:121:9)
    at run (/opt/paradox/apps/pfx/node_modules/jest-circus/build/run.js:71:3)
    at runAndTransformResultsToJestFormat (/opt/paradox/apps/pfx/node_modules/jest-circus/build/legacy-code-todo-rewrite/jestAdapterInit.js:122:21)
    at jestAdapter (/opt/paradox/apps/pfx/node_modules/jest-circus/build/legacy-code-todo-rewrite/jestAdapter.js:79:19)
    at runTestInternal (/opt/paradox/apps/pfx/node_modules/jest-runner/build/runTest.js:367:16)
    at runTest (/opt/paradox/apps/pfx/node_modules/jest-runner/build/runTest.js:444:34)
    at Object.worker (/opt/paradox/apps/pfx/node_modules/jest-runner/build/testWorker.js:106:12)</failure>
    </testcase>
    <testcase classname="MediaPlayerFactory Integration Tests Audio Playback Tests should play Low Quality MP3 audio: default_lq.mp3" name="MediaPlayerFactory Integration Tests Audio Playback Tests should play Low Quality MP3 audio: default_lq.mp3" time="0.001">
      <failure>TypeError: factory.createPlayer is not a function
    at Object.createPlayer (/opt/paradox/apps/pfx/test/integration/media-playback.test.js:189:40)
    at Promise.then.completed (/opt/paradox/apps/pfx/node_modules/jest-circus/build/utils.js:298:28)
    at new Promise (&lt;anonymous&gt;)
    at callAsyncCircusFn (/opt/paradox/apps/pfx/node_modules/jest-circus/build/utils.js:231:10)
    at _callCircusTest (/opt/paradox/apps/pfx/node_modules/jest-circus/build/run.js:316:40)
    at processTicksAndRejections (node:internal/process/task_queues:105:5)
    at _runTest (/opt/paradox/apps/pfx/node_modules/jest-circus/build/run.js:252:3)
    at _runTestsForDescribeBlock (/opt/paradox/apps/pfx/node_modules/jest-circus/build/run.js:126:9)
    at _runTestsForDescribeBlock (/opt/paradox/apps/pfx/node_modules/jest-circus/build/run.js:121:9)
    at _runTestsForDescribeBlock (/opt/paradox/apps/pfx/node_modules/jest-circus/build/run.js:121:9)
    at run (/opt/paradox/apps/pfx/node_modules/jest-circus/build/run.js:71:3)
    at runAndTransformResultsToJestFormat (/opt/paradox/apps/pfx/node_modules/jest-circus/build/legacy-code-todo-rewrite/jestAdapterInit.js:122:21)
    at jestAdapter (/opt/paradox/apps/pfx/node_modules/jest-circus/build/legacy-code-todo-rewrite/jestAdapter.js:79:19)
    at runTestInternal (/opt/paradox/apps/pfx/node_modules/jest-runner/build/runTest.js:367:16)
    at runTest (/opt/paradox/apps/pfx/node_modules/jest-runner/build/runTest.js:444:34)
    at Object.worker (/opt/paradox/apps/pfx/node_modules/jest-runner/build/testWorker.js:106:12)</failure>
    </testcase>
    <testcase classname="MediaPlayerFactory Integration Tests Audio Playback Tests should play WAV audio: default.wav" name="MediaPlayerFactory Integration Tests Audio Playback Tests should play WAV audio: default.wav" time="0.001">
      <failure>TypeError: factory.createPlayer is not a function
    at Object.createPlayer (/opt/paradox/apps/pfx/test/integration/media-playback.test.js:189:40)
    at Promise.then.completed (/opt/paradox/apps/pfx/node_modules/jest-circus/build/utils.js:298:28)
    at new Promise (&lt;anonymous&gt;)
    at callAsyncCircusFn (/opt/paradox/apps/pfx/node_modules/jest-circus/build/utils.js:231:10)
    at _callCircusTest (/opt/paradox/apps/pfx/node_modules/jest-circus/build/run.js:316:40)
    at processTicksAndRejections (node:internal/process/task_queues:105:5)
    at _runTest (/opt/paradox/apps/pfx/node_modules/jest-circus/build/run.js:252:3)
    at _runTestsForDescribeBlock (/opt/paradox/apps/pfx/node_modules/jest-circus/build/run.js:126:9)
    at _runTestsForDescribeBlock (/opt/paradox/apps/pfx/node_modules/jest-circus/build/run.js:121:9)
    at _runTestsForDescribeBlock (/opt/paradox/apps/pfx/node_modules/jest-circus/build/run.js:121:9)
    at run (/opt/paradox/apps/pfx/node_modules/jest-circus/build/run.js:71:3)
    at runAndTransformResultsToJestFormat (/opt/paradox/apps/pfx/node_modules/jest-circus/build/legacy-code-todo-rewrite/jestAdapterInit.js:122:21)
    at jestAdapter (/opt/paradox/apps/pfx/node_modules/jest-circus/build/legacy-code-todo-rewrite/jestAdapter.js:79:19)
    at runTestInternal (/opt/paradox/apps/pfx/node_modules/jest-runner/build/runTest.js:367:16)
    at runTest (/opt/paradox/apps/pfx/node_modules/jest-runner/build/runTest.js:444:34)
    at Object.worker (/opt/paradox/apps/pfx/node_modules/jest-runner/build/testWorker.js:106:12)</failure>
    </testcase>
    <testcase classname="MediaPlayerFactory Integration Tests Audio Playback Tests should play OGG Vorbis audio: default.ogg" name="MediaPlayerFactory Integration Tests Audio Playback Tests should play OGG Vorbis audio: default.ogg" time="0.001">
      <failure>TypeError: factory.createPlayer is not a function
    at Object.createPlayer (/opt/paradox/apps/pfx/test/integration/media-playback.test.js:189:40)
    at Promise.then.completed (/opt/paradox/apps/pfx/node_modules/jest-circus/build/utils.js:298:28)
    at new Promise (&lt;anonymous&gt;)
    at callAsyncCircusFn (/opt/paradox/apps/pfx/node_modules/jest-circus/build/utils.js:231:10)
    at _callCircusTest (/opt/paradox/apps/pfx/node_modules/jest-circus/build/run.js:316:40)
    at processTicksAndRejections (node:internal/process/task_queues:105:5)
    at _runTest (/opt/paradox/apps/pfx/node_modules/jest-circus/build/run.js:252:3)
    at _runTestsForDescribeBlock (/opt/paradox/apps/pfx/node_modules/jest-circus/build/run.js:126:9)
    at _runTestsForDescribeBlock (/opt/paradox/apps/pfx/node_modules/jest-circus/build/run.js:121:9)
    at _runTestsForDescribeBlock (/opt/paradox/apps/pfx/node_modules/jest-circus/build/run.js:121:9)
    at run (/opt/paradox/apps/pfx/node_modules/jest-circus/build/run.js:71:3)
    at runAndTransformResultsToJestFormat (/opt/paradox/apps/pfx/node_modules/jest-circus/build/legacy-code-todo-rewrite/jestAdapterInit.js:122:21)
    at jestAdapter (/opt/paradox/apps/pfx/node_modules/jest-circus/build/legacy-code-todo-rewrite/jestAdapter.js:79:19)
    at runTestInternal (/opt/paradox/apps/pfx/node_modules/jest-runner/build/runTest.js:367:16)
    at runTest (/opt/paradox/apps/pfx/node_modules/jest-runner/build/runTest.js:444:34)
    at Object.worker (/opt/paradox/apps/pfx/node_modules/jest-runner/build/testWorker.js:106:12)</failure>
    </testcase>
    <testcase classname="MediaPlayerFactory Integration Tests Audio Playback Tests should play AAC audio: default.aac" name="MediaPlayerFactory Integration Tests Audio Playback Tests should play AAC audio: default.aac" time="0.002">
      <failure>TypeError: factory.createPlayer is not a function
    at Object.createPlayer (/opt/paradox/apps/pfx/test/integration/media-playback.test.js:189:40)
    at Promise.then.completed (/opt/paradox/apps/pfx/node_modules/jest-circus/build/utils.js:298:28)
    at new Promise (&lt;anonymous&gt;)
    at callAsyncCircusFn (/opt/paradox/apps/pfx/node_modules/jest-circus/build/utils.js:231:10)
    at _callCircusTest (/opt/paradox/apps/pfx/node_modules/jest-circus/build/run.js:316:40)
    at processTicksAndRejections (node:internal/process/task_queues:105:5)
    at _runTest (/opt/paradox/apps/pfx/node_modules/jest-circus/build/run.js:252:3)
    at _runTestsForDescribeBlock (/opt/paradox/apps/pfx/node_modules/jest-circus/build/run.js:126:9)
    at _runTestsForDescribeBlock (/opt/paradox/apps/pfx/node_modules/jest-circus/build/run.js:121:9)
    at _runTestsForDescribeBlock (/opt/paradox/apps/pfx/node_modules/jest-circus/build/run.js:121:9)
    at run (/opt/paradox/apps/pfx/node_modules/jest-circus/build/run.js:71:3)
    at runAndTransformResultsToJestFormat (/opt/paradox/apps/pfx/node_modules/jest-circus/build/legacy-code-todo-rewrite/jestAdapterInit.js:122:21)
    at jestAdapter (/opt/paradox/apps/pfx/node_modules/jest-circus/build/legacy-code-todo-rewrite/jestAdapter.js:79:19)
    at runTestInternal (/opt/paradox/apps/pfx/node_modules/jest-runner/build/runTest.js:367:16)
    at runTest (/opt/paradox/apps/pfx/node_modules/jest-runner/build/runTest.js:444:34)
    at Object.worker (/opt/paradox/apps/pfx/node_modules/jest-runner/build/testWorker.js:106:12)</failure>
    </testcase>
    <testcase classname="MediaPlayerFactory Integration Tests Audio Playback Tests should play FLAC audio: default.flac" name="MediaPlayerFactory Integration Tests Audio Playback Tests should play FLAC audio: default.flac" time="0.001">
      <failure>TypeError: factory.createPlayer is not a function
    at Object.createPlayer (/opt/paradox/apps/pfx/test/integration/media-playback.test.js:189:40)
    at Promise.then.completed (/opt/paradox/apps/pfx/node_modules/jest-circus/build/utils.js:298:28)
    at new Promise (&lt;anonymous&gt;)
    at callAsyncCircusFn (/opt/paradox/apps/pfx/node_modules/jest-circus/build/utils.js:231:10)
    at _callCircusTest (/opt/paradox/apps/pfx/node_modules/jest-circus/build/run.js:316:40)
    at processTicksAndRejections (node:internal/process/task_queues:105:5)
    at _runTest (/opt/paradox/apps/pfx/node_modules/jest-circus/build/run.js:252:3)
    at _runTestsForDescribeBlock (/opt/paradox/apps/pfx/node_modules/jest-circus/build/run.js:126:9)
    at _runTestsForDescribeBlock (/opt/paradox/apps/pfx/node_modules/jest-circus/build/run.js:121:9)
    at _runTestsForDescribeBlock (/opt/paradox/apps/pfx/node_modules/jest-circus/build/run.js:121:9)
    at run (/opt/paradox/apps/pfx/node_modules/jest-circus/build/run.js:71:3)
    at runAndTransformResultsToJestFormat (/opt/paradox/apps/pfx/node_modules/jest-circus/build/legacy-code-todo-rewrite/jestAdapterInit.js:122:21)
    at jestAdapter (/opt/paradox/apps/pfx/node_modules/jest-circus/build/legacy-code-todo-rewrite/jestAdapter.js:79:19)
    at runTestInternal (/opt/paradox/apps/pfx/node_modules/jest-runner/build/runTest.js:367:16)
    at runTest (/opt/paradox/apps/pfx/node_modules/jest-runner/build/runTest.js:444:34)
    at Object.worker (/opt/paradox/apps/pfx/node_modules/jest-runner/build/testWorker.js:106:12)</failure>
    </testcase>
    <testcase classname="MediaPlayerFactory Integration Tests Audio Playback Tests should play Opus audio: default.opus" name="MediaPlayerFactory Integration Tests Audio Playback Tests should play Opus audio: default.opus" time="0">
      <failure>TypeError: factory.createPlayer is not a function
    at Object.createPlayer (/opt/paradox/apps/pfx/test/integration/media-playback.test.js:189:40)
    at Promise.then.completed (/opt/paradox/apps/pfx/node_modules/jest-circus/build/utils.js:298:28)
    at new Promise (&lt;anonymous&gt;)
    at callAsyncCircusFn (/opt/paradox/apps/pfx/node_modules/jest-circus/build/utils.js:231:10)
    at _callCircusTest (/opt/paradox/apps/pfx/node_modules/jest-circus/build/run.js:316:40)
    at processTicksAndRejections (node:internal/process/task_queues:105:5)
    at _runTest (/opt/paradox/apps/pfx/node_modules/jest-circus/build/run.js:252:3)
    at _runTestsForDescribeBlock (/opt/paradox/apps/pfx/node_modules/jest-circus/build/run.js:126:9)
    at _runTestsForDescribeBlock (/opt/paradox/apps/pfx/node_modules/jest-circus/build/run.js:121:9)
    at _runTestsForDescribeBlock (/opt/paradox/apps/pfx/node_modules/jest-circus/build/run.js:121:9)
    at run (/opt/paradox/apps/pfx/node_modules/jest-circus/build/run.js:71:3)
    at runAndTransformResultsToJestFormat (/opt/paradox/apps/pfx/node_modules/jest-circus/build/legacy-code-todo-rewrite/jestAdapterInit.js:122:21)
    at jestAdapter (/opt/paradox/apps/pfx/node_modules/jest-circus/build/legacy-code-todo-rewrite/jestAdapter.js:79:19)
    at runTestInternal (/opt/paradox/apps/pfx/node_modules/jest-runner/build/runTest.js:367:16)
    at runTest (/opt/paradox/apps/pfx/node_modules/jest-runner/build/runTest.js:444:34)
    at Object.worker (/opt/paradox/apps/pfx/node_modules/jest-runner/build/testWorker.js:106:12)</failure>
    </testcase>
    <testcase classname="MediaPlayerFactory Integration Tests Audio Playback Tests should play FX WAV audio: default_fx.wav" name="MediaPlayerFactory Integration Tests Audio Playback Tests should play FX WAV audio: default_fx.wav" time="0.009">
      <failure>TypeError: factory.createPlayer is not a function
    at Object.createPlayer (/opt/paradox/apps/pfx/test/integration/media-playback.test.js:189:40)
    at Promise.then.completed (/opt/paradox/apps/pfx/node_modules/jest-circus/build/utils.js:298:28)
    at new Promise (&lt;anonymous&gt;)
    at callAsyncCircusFn (/opt/paradox/apps/pfx/node_modules/jest-circus/build/utils.js:231:10)
    at _callCircusTest (/opt/paradox/apps/pfx/node_modules/jest-circus/build/run.js:316:40)
    at processTicksAndRejections (node:internal/process/task_queues:105:5)
    at _runTest (/opt/paradox/apps/pfx/node_modules/jest-circus/build/run.js:252:3)
    at _runTestsForDescribeBlock (/opt/paradox/apps/pfx/node_modules/jest-circus/build/run.js:126:9)
    at _runTestsForDescribeBlock (/opt/paradox/apps/pfx/node_modules/jest-circus/build/run.js:121:9)
    at _runTestsForDescribeBlock (/opt/paradox/apps/pfx/node_modules/jest-circus/build/run.js:121:9)
    at run (/opt/paradox/apps/pfx/node_modules/jest-circus/build/run.js:71:3)
    at runAndTransformResultsToJestFormat (/opt/paradox/apps/pfx/node_modules/jest-circus/build/legacy-code-todo-rewrite/jestAdapterInit.js:122:21)
    at jestAdapter (/opt/paradox/apps/pfx/node_modules/jest-circus/build/legacy-code-todo-rewrite/jestAdapter.js:79:19)
    at runTestInternal (/opt/paradox/apps/pfx/node_modules/jest-runner/build/runTest.js:367:16)
    at runTest (/opt/paradox/apps/pfx/node_modules/jest-runner/build/runTest.js:444:34)
    at Object.worker (/opt/paradox/apps/pfx/node_modules/jest-runner/build/testWorker.js:106:12)</failure>
    </testcase>
    <testcase classname="MediaPlayerFactory Integration Tests Audio Playback Tests should play Houdini Music MP3 audio: houdini_music.mp3" name="MediaPlayerFactory Integration Tests Audio Playback Tests should play Houdini Music MP3 audio: houdini_music.mp3" time="0.001">
      <failure>TypeError: factory.createPlayer is not a function
    at Object.createPlayer (/opt/paradox/apps/pfx/test/integration/media-playback.test.js:189:40)
    at Promise.then.completed (/opt/paradox/apps/pfx/node_modules/jest-circus/build/utils.js:298:28)
    at new Promise (&lt;anonymous&gt;)
    at callAsyncCircusFn (/opt/paradox/apps/pfx/node_modules/jest-circus/build/utils.js:231:10)
    at _callCircusTest (/opt/paradox/apps/pfx/node_modules/jest-circus/build/run.js:316:40)
    at processTicksAndRejections (node:internal/process/task_queues:105:5)
    at _runTest (/opt/paradox/apps/pfx/node_modules/jest-circus/build/run.js:252:3)
    at _runTestsForDescribeBlock (/opt/paradox/apps/pfx/node_modules/jest-circus/build/run.js:126:9)
    at _runTestsForDescribeBlock (/opt/paradox/apps/pfx/node_modules/jest-circus/build/run.js:121:9)
    at _runTestsForDescribeBlock (/opt/paradox/apps/pfx/node_modules/jest-circus/build/run.js:121:9)
    at run (/opt/paradox/apps/pfx/node_modules/jest-circus/build/run.js:71:3)
    at runAndTransformResultsToJestFormat (/opt/paradox/apps/pfx/node_modules/jest-circus/build/legacy-code-todo-rewrite/jestAdapterInit.js:122:21)
    at jestAdapter (/opt/paradox/apps/pfx/node_modules/jest-circus/build/legacy-code-todo-rewrite/jestAdapter.js:79:19)
    at runTestInternal (/opt/paradox/apps/pfx/node_modules/jest-runner/build/runTest.js:367:16)
    at runTest (/opt/paradox/apps/pfx/node_modules/jest-runner/build/runTest.js:444:34)
    at Object.worker (/opt/paradox/apps/pfx/node_modules/jest-runner/build/testWorker.js:106:12)</failure>
    </testcase>
    <testcase classname="MediaPlayerFactory Integration Tests Audio Playback Tests should handle different audio quality levels" name="MediaPlayerFactory Integration Tests Audio Playback Tests should handle different audio quality levels" time="0.006">
      <failure>TypeError: factory.createPlayer is not a function
    at createPlayer (/opt/paradox/apps/pfx/test/integration/media-playback.test.js:218:40)
    at Array.map (&lt;anonymous&gt;)
    at Object.map (/opt/paradox/apps/pfx/test/integration/media-playback.test.js:216:44)
    at Promise.then.completed (/opt/paradox/apps/pfx/node_modules/jest-circus/build/utils.js:298:28)
    at new Promise (&lt;anonymous&gt;)
    at callAsyncCircusFn (/opt/paradox/apps/pfx/node_modules/jest-circus/build/utils.js:231:10)
    at _callCircusTest (/opt/paradox/apps/pfx/node_modules/jest-circus/build/run.js:316:40)
    at processTicksAndRejections (node:internal/process/task_queues:105:5)
    at _runTest (/opt/paradox/apps/pfx/node_modules/jest-circus/build/run.js:252:3)
    at _runTestsForDescribeBlock (/opt/paradox/apps/pfx/node_modules/jest-circus/build/run.js:126:9)
    at _runTestsForDescribeBlock (/opt/paradox/apps/pfx/node_modules/jest-circus/build/run.js:121:9)
    at _runTestsForDescribeBlock (/opt/paradox/apps/pfx/node_modules/jest-circus/build/run.js:121:9)
    at run (/opt/paradox/apps/pfx/node_modules/jest-circus/build/run.js:71:3)
    at runAndTransformResultsToJestFormat (/opt/paradox/apps/pfx/node_modules/jest-circus/build/legacy-code-todo-rewrite/jestAdapterInit.js:122:21)
    at jestAdapter (/opt/paradox/apps/pfx/node_modules/jest-circus/build/legacy-code-todo-rewrite/jestAdapter.js:79:19)
    at runTestInternal (/opt/paradox/apps/pfx/node_modules/jest-runner/build/runTest.js:367:16)
    at runTest (/opt/paradox/apps/pfx/node_modules/jest-runner/build/runTest.js:444:34)
    at Object.worker (/opt/paradox/apps/pfx/node_modules/jest-runner/build/testWorker.js:106:12)</failure>
    </testcase>
    <testcase classname="MediaPlayerFactory Integration Tests Audio Playback Tests should handle lossless vs lossy audio formats" name="MediaPlayerFactory Integration Tests Audio Playback Tests should handle lossless vs lossy audio formats" time="0.002">
      <failure>TypeError: factory.createPlayer is not a function
    at createPlayer (/opt/paradox/apps/pfx/test/integration/media-playback.test.js:246:44)
    at Array.forEach (&lt;anonymous&gt;)
    at forEach (/opt/paradox/apps/pfx/test/integration/media-playback.test.js:244:34)
    at Object.testFormat (/opt/paradox/apps/pfx/test/integration/media-playback.test.js:254:13)
    at Promise.then.completed (/opt/paradox/apps/pfx/node_modules/jest-circus/build/utils.js:298:28)
    at new Promise (&lt;anonymous&gt;)
    at callAsyncCircusFn (/opt/paradox/apps/pfx/node_modules/jest-circus/build/utils.js:231:10)
    at _callCircusTest (/opt/paradox/apps/pfx/node_modules/jest-circus/build/run.js:316:40)
    at processTicksAndRejections (node:internal/process/task_queues:105:5)
    at _runTest (/opt/paradox/apps/pfx/node_modules/jest-circus/build/run.js:252:3)
    at _runTestsForDescribeBlock (/opt/paradox/apps/pfx/node_modules/jest-circus/build/run.js:126:9)
    at _runTestsForDescribeBlock (/opt/paradox/apps/pfx/node_modules/jest-circus/build/run.js:121:9)
    at _runTestsForDescribeBlock (/opt/paradox/apps/pfx/node_modules/jest-circus/build/run.js:121:9)
    at run (/opt/paradox/apps/pfx/node_modules/jest-circus/build/run.js:71:3)
    at runAndTransformResultsToJestFormat (/opt/paradox/apps/pfx/node_modules/jest-circus/build/legacy-code-todo-rewrite/jestAdapterInit.js:122:21)
    at jestAdapter (/opt/paradox/apps/pfx/node_modules/jest-circus/build/legacy-code-todo-rewrite/jestAdapter.js:79:19)
    at runTestInternal (/opt/paradox/apps/pfx/node_modules/jest-runner/build/runTest.js:367:16)
    at runTest (/opt/paradox/apps/pfx/node_modules/jest-runner/build/runTest.js:444:34)
    at Object.worker (/opt/paradox/apps/pfx/node_modules/jest-runner/build/testWorker.js:106:12)</failure>
    </testcase>
    <testcase classname="MediaPlayerFactory Integration Tests Media Transition Tests should handle transition from image to video" name="MediaPlayerFactory Integration Tests Media Transition Tests should handle transition from image to video" time="0.002">
      <failure>TypeError: factory.createPlayer is not a function
    at Object.createPlayer (/opt/paradox/apps/pfx/test/integration/media-playback.test.js:271:41)
    at Promise.then.completed (/opt/paradox/apps/pfx/node_modules/jest-circus/build/utils.js:298:28)
    at new Promise (&lt;anonymous&gt;)
    at callAsyncCircusFn (/opt/paradox/apps/pfx/node_modules/jest-circus/build/utils.js:231:10)
    at _callCircusTest (/opt/paradox/apps/pfx/node_modules/jest-circus/build/run.js:316:40)
    at processTicksAndRejections (node:internal/process/task_queues:105:5)
    at _runTest (/opt/paradox/apps/pfx/node_modules/jest-circus/build/run.js:252:3)
    at _runTestsForDescribeBlock (/opt/paradox/apps/pfx/node_modules/jest-circus/build/run.js:126:9)
    at _runTestsForDescribeBlock (/opt/paradox/apps/pfx/node_modules/jest-circus/build/run.js:121:9)
    at _runTestsForDescribeBlock (/opt/paradox/apps/pfx/node_modules/jest-circus/build/run.js:121:9)
    at run (/opt/paradox/apps/pfx/node_modules/jest-circus/build/run.js:71:3)
    at runAndTransformResultsToJestFormat (/opt/paradox/apps/pfx/node_modules/jest-circus/build/legacy-code-todo-rewrite/jestAdapterInit.js:122:21)
    at jestAdapter (/opt/paradox/apps/pfx/node_modules/jest-circus/build/legacy-code-todo-rewrite/jestAdapter.js:79:19)
    at runTestInternal (/opt/paradox/apps/pfx/node_modules/jest-runner/build/runTest.js:367:16)
    at runTest (/opt/paradox/apps/pfx/node_modules/jest-runner/build/runTest.js:444:34)
    at Object.worker (/opt/paradox/apps/pfx/node_modules/jest-runner/build/testWorker.js:106:12)</failure>
    </testcase>
    <testcase classname="MediaPlayerFactory Integration Tests Media Transition Tests should handle transition from video to audio" name="MediaPlayerFactory Integration Tests Media Transition Tests should handle transition from video to audio" time="0.001">
      <failure>TypeError: factory.createPlayer is not a function
    at Object.createPlayer (/opt/paradox/apps/pfx/test/integration/media-playback.test.js:291:41)
    at Promise.then.completed (/opt/paradox/apps/pfx/node_modules/jest-circus/build/utils.js:298:28)
    at new Promise (&lt;anonymous&gt;)
    at callAsyncCircusFn (/opt/paradox/apps/pfx/node_modules/jest-circus/build/utils.js:231:10)
    at _callCircusTest (/opt/paradox/apps/pfx/node_modules/jest-circus/build/run.js:316:40)
    at processTicksAndRejections (node:internal/process/task_queues:105:5)
    at _runTest (/opt/paradox/apps/pfx/node_modules/jest-circus/build/run.js:252:3)
    at _runTestsForDescribeBlock (/opt/paradox/apps/pfx/node_modules/jest-circus/build/run.js:126:9)
    at _runTestsForDescribeBlock (/opt/paradox/apps/pfx/node_modules/jest-circus/build/run.js:121:9)
    at _runTestsForDescribeBlock (/opt/paradox/apps/pfx/node_modules/jest-circus/build/run.js:121:9)
    at run (/opt/paradox/apps/pfx/node_modules/jest-circus/build/run.js:71:3)
    at runAndTransformResultsToJestFormat (/opt/paradox/apps/pfx/node_modules/jest-circus/build/legacy-code-todo-rewrite/jestAdapterInit.js:122:21)
    at jestAdapter (/opt/paradox/apps/pfx/node_modules/jest-circus/build/legacy-code-todo-rewrite/jestAdapter.js:79:19)
    at runTestInternal (/opt/paradox/apps/pfx/node_modules/jest-runner/build/runTest.js:367:16)
    at runTest (/opt/paradox/apps/pfx/node_modules/jest-runner/build/runTest.js:444:34)
    at Object.worker (/opt/paradox/apps/pfx/node_modules/jest-runner/build/testWorker.js:106:12)</failure>
    </testcase>
    <testcase classname="MediaPlayerFactory Integration Tests Media File Validation should validate media file existence" name="MediaPlayerFactory Integration Tests Media File Validation should validate media file existence" time="0.145">
    </testcase>
    <testcase classname="MediaPlayerFactory Integration Tests Media File Validation should detect media file formats correctly" name="MediaPlayerFactory Integration Tests Media File Validation should detect media file formats correctly" time="0.006">
      <failure>TypeError: factory.createPlayer is not a function
    at createPlayer (/opt/paradox/apps/pfx/test/integration/media-playback.test.js:370:40)
    at Array.forEach (&lt;anonymous&gt;)
    at Object.forEach (/opt/paradox/apps/pfx/test/integration/media-playback.test.js:368:23)
    at Promise.then.completed (/opt/paradox/apps/pfx/node_modules/jest-circus/build/utils.js:298:28)
    at new Promise (&lt;anonymous&gt;)
    at callAsyncCircusFn (/opt/paradox/apps/pfx/node_modules/jest-circus/build/utils.js:231:10)
    at _callCircusTest (/opt/paradox/apps/pfx/node_modules/jest-circus/build/run.js:316:40)
    at processTicksAndRejections (node:internal/process/task_queues:105:5)
    at _runTest (/opt/paradox/apps/pfx/node_modules/jest-circus/build/run.js:252:3)
    at _runTestsForDescribeBlock (/opt/paradox/apps/pfx/node_modules/jest-circus/build/run.js:126:9)
    at _runTestsForDescribeBlock (/opt/paradox/apps/pfx/node_modules/jest-circus/build/run.js:121:9)
    at _runTestsForDescribeBlock (/opt/paradox/apps/pfx/node_modules/jest-circus/build/run.js:121:9)
    at run (/opt/paradox/apps/pfx/node_modules/jest-circus/build/run.js:71:3)
    at runAndTransformResultsToJestFormat (/opt/paradox/apps/pfx/node_modules/jest-circus/build/legacy-code-todo-rewrite/jestAdapterInit.js:122:21)
    at jestAdapter (/opt/paradox/apps/pfx/node_modules/jest-circus/build/legacy-code-todo-rewrite/jestAdapter.js:79:19)
    at runTestInternal (/opt/paradox/apps/pfx/node_modules/jest-runner/build/runTest.js:367:16)
    at runTest (/opt/paradox/apps/pfx/node_modules/jest-runner/build/runTest.js:444:34)
    at Object.worker (/opt/paradox/apps/pfx/node_modules/jest-runner/build/testWorker.js:106:12)</failure>
    </testcase>
    <testcase classname="MediaPlayerFactory Integration Tests Media File Validation should verify comprehensive format coverage" name="MediaPlayerFactory Integration Tests Media File Validation should verify comprehensive format coverage" time="0.032">
    </testcase>
  </testsuite>
  <testsuite name="Real Media Playback Tests" errors="0" failures="0" skipped="0" timestamp="2025-07-27T20:11:19" time="0.245" tests="25">
    <testcase classname="Real Media Playback Tests Image Playback (Visual) should display Standard JPEG image: default.jpg" name="Real Media Playback Tests Image Playback (Visual) should display Standard JPEG image: default.jpg" time="0.001">
    </testcase>
    <testcase classname="Real Media Playback Tests Image Playback (Visual) should display High Quality JPEG image: default_hq.jpg" name="Real Media Playback Tests Image Playback (Visual) should display High Quality JPEG image: default_hq.jpg" time="0">
    </testcase>
    <testcase classname="Real Media Playback Tests Image Playback (Visual) should display Low Quality JPEG image: default_lq.jpg" name="Real Media Playback Tests Image Playback (Visual) should display Low Quality JPEG image: default_lq.jpg" time="0.001">
    </testcase>
    <testcase classname="Real Media Playback Tests Image Playback (Visual) should display PNG image: default.png" name="Real Media Playback Tests Image Playback (Visual) should display PNG image: default.png" time="0">
    </testcase>
    <testcase classname="Real Media Playback Tests Image Playback (Visual) should display 24-bit PNG image: houdini_picture_24bit.png" name="Real Media Playback Tests Image Playback (Visual) should display 24-bit PNG image: houdini_picture_24bit.png" time="0">
    </testcase>
    <testcase classname="Real Media Playback Tests Image Playback (Visual) should display GIF image: default.gif" name="Real Media Playback Tests Image Playback (Visual) should display GIF image: default.gif" time="0.001">
    </testcase>
    <testcase classname="Real Media Playback Tests Image Playback (Visual) should display BMP image: default.bmp" name="Real Media Playback Tests Image Playback (Visual) should display BMP image: default.bmp" time="0">
    </testcase>
    <testcase classname="Real Media Playback Tests Image Playback (Visual) should display TIFF image: default.tiff" name="Real Media Playback Tests Image Playback (Visual) should display TIFF image: default.tiff" time="0">
    </testcase>
    <testcase classname="Real Media Playback Tests Image Playback (Visual) should display WebP image: default.webp" name="Real Media Playback Tests Image Playback (Visual) should display WebP image: default.webp" time="0">
    </testcase>
    <testcase classname="Real Media Playback Tests Video Playback (Visual + Audio) should play MP4 video: default.mp4" name="Real Media Playback Tests Video Playback (Visual + Audio) should play MP4 video: default.mp4" time="0">
    </testcase>
    <testcase classname="Real Media Playback Tests Video Playback (Visual + Audio) should play Short intro MP4 video: intro_short.mp4" name="Real Media Playback Tests Video Playback (Visual + Audio) should play Short intro MP4 video: intro_short.mp4" time="0.001">
    </testcase>
    <testcase classname="Real Media Playback Tests Video Playback (Visual + Audio) should play AVI video: default.avi" name="Real Media Playback Tests Video Playback (Visual + Audio) should play AVI video: default.avi" time="0">
    </testcase>
    <testcase classname="Real Media Playback Tests Video Playback (Visual + Audio) should play MKV video: default.mkv" name="Real Media Playback Tests Video Playback (Visual + Audio) should play MKV video: default.mkv" time="0">
    </testcase>
    <testcase classname="Real Media Playback Tests Audio Playback (Audio Only) should play Standard MP3 audio: default.mp3" name="Real Media Playback Tests Audio Playback (Audio Only) should play Standard MP3 audio: default.mp3" time="0">
    </testcase>
    <testcase classname="Real Media Playback Tests Audio Playback (Audio Only) should play High Quality MP3 audio: default_hq.mp3" name="Real Media Playback Tests Audio Playback (Audio Only) should play High Quality MP3 audio: default_hq.mp3" time="0">
    </testcase>
    <testcase classname="Real Media Playback Tests Audio Playback (Audio Only) should play Low Quality MP3 audio: default_lq.mp3" name="Real Media Playback Tests Audio Playback (Audio Only) should play Low Quality MP3 audio: default_lq.mp3" time="0">
    </testcase>
    <testcase classname="Real Media Playback Tests Audio Playback (Audio Only) should play WAV audio (lossless): default.wav" name="Real Media Playback Tests Audio Playback (Audio Only) should play WAV audio (lossless): default.wav" time="0">
    </testcase>
    <testcase classname="Real Media Playback Tests Audio Playback (Audio Only) should play OGG Vorbis audio: default.ogg" name="Real Media Playback Tests Audio Playback (Audio Only) should play OGG Vorbis audio: default.ogg" time="0.001">
    </testcase>
    <testcase classname="Real Media Playback Tests Audio Playback (Audio Only) should play AAC audio: default.aac" name="Real Media Playback Tests Audio Playback (Audio Only) should play AAC audio: default.aac" time="0">
    </testcase>
    <testcase classname="Real Media Playback Tests Audio Playback (Audio Only) should play FLAC audio (lossless): default.flac" name="Real Media Playback Tests Audio Playback (Audio Only) should play FLAC audio (lossless): default.flac" time="0">
    </testcase>
    <testcase classname="Real Media Playback Tests Audio Playback (Audio Only) should play Opus audio: default.opus" name="Real Media Playback Tests Audio Playback (Audio Only) should play Opus audio: default.opus" time="0">
    </testcase>
    <testcase classname="Real Media Playback Tests Audio Playback (Audio Only) should play FX WAV audio: default_fx.wav" name="Real Media Playback Tests Audio Playback (Audio Only) should play FX WAV audio: default_fx.wav" time="0">
    </testcase>
    <testcase classname="Real Media Playback Tests Audio Playback (Audio Only) should play Houdini Music MP3: houdini_music.mp3" name="Real Media Playback Tests Audio Playback (Audio Only) should play Houdini Music MP3: houdini_music.mp3" time="0">
    </testcase>
    <testcase classname="Real Media Playback Tests Media Transition Demo should demonstrate media transitions" name="Real Media Playback Tests Media Transition Demo should demonstrate media transitions" time="0.001">
    </testcase>
    <testcase classname="Real Media Playback Tests Seamless Full-Screen Transition Test should demonstrate seamless full-screen transitions with overlapping processes" name="Real Media Playback Tests Seamless Full-Screen Transition Test should demonstrate seamless full-screen transitions with overlapping processes" time="0">
    </testcase>
  </testsuite>
  <testsuite name="MqttClient" errors="0" failures="0" skipped="0" timestamp="2025-07-27T20:11:19" time="0.175" tests="13">
    <testcase classname="MqttClient connect should connect to MQTT broker successfully" name="MqttClient connect should connect to MQTT broker successfully" time="0.008">
    </testcase>
    <testcase classname="MqttClient connect should handle connection errors" name="MqttClient connect should handle connection errors" time="0.04">
    </testcase>
    <testcase classname="MqttClient connect should timeout on slow connections" name="MqttClient connect should timeout on slow connections" time="0.012">
    </testcase>
    <testcase classname="MqttClient subscribe should subscribe to topic with handler" name="MqttClient subscribe should subscribe to topic with handler" time="0.002">
    </testcase>
    <testcase classname="MqttClient subscribe should throw error if not connected" name="MqttClient subscribe should throw error if not connected" time="0.003">
    </testcase>
    <testcase classname="MqttClient publish should publish string message" name="MqttClient publish should publish string message" time="0.002">
    </testcase>
    <testcase classname="MqttClient publish should publish object as JSON" name="MqttClient publish should publish object as JSON" time="0.002">
    </testcase>
    <testcase classname="MqttClient publish should not publish if not connected" name="MqttClient publish should not publish if not connected" time="0.004">
    </testcase>
    <testcase classname="MqttClient message handling should handle JSON messages" name="MqttClient message handling should handle JSON messages" time="0.002">
    </testcase>
    <testcase classname="MqttClient message handling should handle plain text messages" name="MqttClient message handling should handle plain text messages" time="0.001">
    </testcase>
    <testcase classname="MqttClient message handling should handle messages without registered handler" name="MqttClient message handling should handle messages without registered handler" time="0.001">
    </testcase>
    <testcase classname="MqttClient disconnect should disconnect from broker" name="MqttClient disconnect should disconnect from broker" time="0.001">
    </testcase>
    <testcase classname="MqttClient disconnect should handle disconnect when no client exists" name="MqttClient disconnect should handle disconnect when no client exists" time="0.001">
    </testcase>
  </testsuite>
  <testsuite name="Malformed MQTT Message Handling" errors="0" failures="0" skipped="0" timestamp="2025-07-27T20:11:19" time="30.376" tests="17">
    <testcase classname="Malformed MQTT Message Handling JSON Parsing Errors should handle malformed JSON gracefully" name="Malformed MQTT Message Handling JSON Parsing Errors should handle malformed JSON gracefully" time="0.005">
    </testcase>
    <testcase classname="Malformed MQTT Message Handling JSON Parsing Errors should handle completely invalid JSON" name="Malformed MQTT Message Handling JSON Parsing Errors should handle completely invalid JSON" time="0.003">
    </testcase>
    <testcase classname="Malformed MQTT Message Handling JSON Parsing Errors should handle empty message" name="Malformed MQTT Message Handling JSON Parsing Errors should handle empty message" time="0.001">
    </testcase>
    <testcase classname="Malformed MQTT Message Handling JSON Parsing Errors should handle null message" name="Malformed MQTT Message Handling JSON Parsing Errors should handle null message" time="0.001">
    </testcase>
    <testcase classname="Malformed MQTT Message Handling Command Validation should reject commands without Command field" name="Malformed MQTT Message Handling Command Validation should reject commands without Command field" time="0.001">
    </testcase>
    <testcase classname="Malformed MQTT Message Handling Command Validation should reject commands with empty Command field" name="Malformed MQTT Message Handling Command Validation should reject commands with empty Command field" time="0.001">
    </testcase>
    <testcase classname="Malformed MQTT Message Handling Command Validation should reject commands with invalid volume" name="Malformed MQTT Message Handling Command Validation should reject commands with invalid volume" time="0.018">
    </testcase>
    <testcase classname="Malformed MQTT Message Handling Command Validation should reject commands with volume out of range" name="Malformed MQTT Message Handling Command Validation should reject commands with volume out of range" time="0.002">
    </testcase>
    <testcase classname="Malformed MQTT Message Handling Command Execution Errors should handle command execution errors gracefully" name="Malformed MQTT Message Handling Command Execution Errors should handle command execution errors gracefully" time="0.017">
    </testcase>
    <testcase classname="Malformed MQTT Message Handling Command Execution Errors should handle file not found errors" name="Malformed MQTT Message Handling Command Execution Errors should handle file not found errors" time="0.007">
    </testcase>
    <testcase classname="Malformed MQTT Message Handling Command Execution Errors should handle command timeouts" name="Malformed MQTT Message Handling Command Execution Errors should handle command timeouts" time="30.007">
    </testcase>
    <testcase classname="Malformed MQTT Message Handling Edge Cases should handle mixed case Command field" name="Malformed MQTT Message Handling Edge Cases should handle mixed case Command field" time="0.002">
    </testcase>
    <testcase classname="Malformed MQTT Message Handling Edge Cases should handle very large messages" name="Malformed MQTT Message Handling Edge Cases should handle very large messages" time="0.002">
    </testcase>
    <testcase classname="Malformed MQTT Message Handling Edge Cases should handle commands with special characters" name="Malformed MQTT Message Handling Edge Cases should handle commands with special characters" time="0.003">
    </testcase>
    <testcase classname="Malformed MQTT Message Handling Command Validation Helper _validateCommand should return null for valid commands" name="Malformed MQTT Message Handling Command Validation Helper _validateCommand should return null for valid commands" time="0.002">
    </testcase>
    <testcase classname="Malformed MQTT Message Handling Command Validation Helper _validateCommand should return error for invalid commands" name="Malformed MQTT Message Handling Command Validation Helper _validateCommand should return error for invalid commands" time="0.001">
    </testcase>
    <testcase classname="Malformed MQTT Message Handling Command Validation Helper _validateCommand should handle null/undefined input" name="Malformed MQTT Message Handling Command Validation Helper _validateCommand should handle null/undefined input" time="0.002">
    </testcase>
  </testsuite>
  <testsuite name="ScreenDevice" errors="0" failures="16" skipped="0" timestamp="2025-07-27T20:11:17" time="82.658" tests="16">
    <testcase classname="ScreenDevice initialization should initialize with correct configuration" name="ScreenDevice initialization should initialize with correct configuration" time="5.275">
      <failure>Error: MPV IPC socket creation timeout
    at MpvZoneManager._waitForIpcSocket (/opt/paradox/apps/pfx/lib/media/mpv-zone-manager.js:301:15)
    at MpvZoneManager.initialize (/opt/paradox/apps/pfx/lib/media/mpv-zone-manager.js:219:13)
    at MediaPlayerFactory.createZoneManager (/opt/paradox/apps/pfx/lib/media/media-player-factory.js:50:9)
    at ScreenDevice.initialize (/opt/paradox/apps/pfx/lib/devices/screen-device.js:64:32)
    at Object.&lt;anonymous&gt; (/opt/paradox/apps/pfx/test/unit/screen-device.test.js:39:13)</failure>
    </testcase>
    <testcase classname="ScreenDevice command handling should handle setImage command" name="ScreenDevice command handling should handle setImage command" time="5.099">
      <failure>Error: MPV IPC socket creation timeout
    at MpvZoneManager._waitForIpcSocket (/opt/paradox/apps/pfx/lib/media/mpv-zone-manager.js:301:15)
    at MpvZoneManager.initialize (/opt/paradox/apps/pfx/lib/media/mpv-zone-manager.js:219:13)
    at MediaPlayerFactory.createZoneManager (/opt/paradox/apps/pfx/lib/media/media-player-factory.js:50:9)
    at ScreenDevice.initialize (/opt/paradox/apps/pfx/lib/devices/screen-device.js:64:32)
    at Object.&lt;anonymous&gt; (/opt/paradox/apps/pfx/test/unit/screen-device.test.js:56:13)</failure>
    </testcase>
    <testcase classname="ScreenDevice command handling should handle playVideo command" name="ScreenDevice command handling should handle playVideo command" time="5.072">
      <failure>Error: MPV IPC socket creation timeout
    at MpvZoneManager._waitForIpcSocket (/opt/paradox/apps/pfx/lib/media/mpv-zone-manager.js:301:15)
    at MpvZoneManager.initialize (/opt/paradox/apps/pfx/lib/media/mpv-zone-manager.js:219:13)
    at MediaPlayerFactory.createZoneManager (/opt/paradox/apps/pfx/lib/media/media-player-factory.js:50:9)
    at ScreenDevice.initialize (/opt/paradox/apps/pfx/lib/devices/screen-device.js:64:32)
    at Object.&lt;anonymous&gt; (/opt/paradox/apps/pfx/test/unit/screen-device.test.js:56:13)</failure>
    </testcase>
    <testcase classname="ScreenDevice command handling should handle playAudio command" name="ScreenDevice command handling should handle playAudio command" time="5.06">
      <failure>Error: MPV IPC socket creation timeout
    at MpvZoneManager._waitForIpcSocket (/opt/paradox/apps/pfx/lib/media/mpv-zone-manager.js:301:15)
    at MpvZoneManager.initialize (/opt/paradox/apps/pfx/lib/media/mpv-zone-manager.js:219:13)
    at MediaPlayerFactory.createZoneManager (/opt/paradox/apps/pfx/lib/media/media-player-factory.js:50:9)
    at ScreenDevice.initialize (/opt/paradox/apps/pfx/lib/devices/screen-device.js:64:32)
    at Object.&lt;anonymous&gt; (/opt/paradox/apps/pfx/test/unit/screen-device.test.js:56:13)</failure>
    </testcase>
    <testcase classname="ScreenDevice command handling should handle transition command" name="ScreenDevice command handling should handle transition command" time="5.079">
      <failure>Error: MPV IPC socket creation timeout
    at MpvZoneManager._waitForIpcSocket (/opt/paradox/apps/pfx/lib/media/mpv-zone-manager.js:301:15)
    at MpvZoneManager.initialize (/opt/paradox/apps/pfx/lib/media/mpv-zone-manager.js:219:13)
    at MediaPlayerFactory.createZoneManager (/opt/paradox/apps/pfx/lib/media/media-player-factory.js:50:9)
    at ScreenDevice.initialize (/opt/paradox/apps/pfx/lib/devices/screen-device.js:64:32)
    at Object.&lt;anonymous&gt; (/opt/paradox/apps/pfx/test/unit/screen-device.test.js:56:13)</failure>
    </testcase>
    <testcase classname="ScreenDevice command handling should handle stopVideo command" name="ScreenDevice command handling should handle stopVideo command" time="5.064">
      <failure>Error: MPV IPC socket creation timeout
    at MpvZoneManager._waitForIpcSocket (/opt/paradox/apps/pfx/lib/media/mpv-zone-manager.js:301:15)
    at MpvZoneManager.initialize (/opt/paradox/apps/pfx/lib/media/mpv-zone-manager.js:219:13)
    at MediaPlayerFactory.createZoneManager (/opt/paradox/apps/pfx/lib/media/media-player-factory.js:50:9)
    at ScreenDevice.initialize (/opt/paradox/apps/pfx/lib/devices/screen-device.js:64:32)
    at Object.&lt;anonymous&gt; (/opt/paradox/apps/pfx/test/unit/screen-device.test.js:56:13)</failure>
    </testcase>
    <testcase classname="ScreenDevice command handling should handle stopAll command" name="ScreenDevice command handling should handle stopAll command" time="5.095">
      <failure>Error: MPV IPC socket creation timeout
    at MpvZoneManager._waitForIpcSocket (/opt/paradox/apps/pfx/lib/media/mpv-zone-manager.js:301:15)
    at MpvZoneManager.initialize (/opt/paradox/apps/pfx/lib/media/mpv-zone-manager.js:219:13)
    at MediaPlayerFactory.createZoneManager (/opt/paradox/apps/pfx/lib/media/media-player-factory.js:50:9)
    at ScreenDevice.initialize (/opt/paradox/apps/pfx/lib/devices/screen-device.js:64:32)
    at Object.&lt;anonymous&gt; (/opt/paradox/apps/pfx/test/unit/screen-device.test.js:56:13)</failure>
    </testcase>
    <testcase classname="ScreenDevice command handling should handle getConfig command" name="ScreenDevice command handling should handle getConfig command" time="5.216">
      <failure>Error: MPV IPC socket creation timeout
    at MpvZoneManager._waitForIpcSocket (/opt/paradox/apps/pfx/lib/media/mpv-zone-manager.js:301:15)
    at MpvZoneManager.initialize (/opt/paradox/apps/pfx/lib/media/mpv-zone-manager.js:219:13)
    at MediaPlayerFactory.createZoneManager (/opt/paradox/apps/pfx/lib/media/media-player-factory.js:50:9)
    at ScreenDevice.initialize (/opt/paradox/apps/pfx/lib/devices/screen-device.js:64:32)
    at Object.&lt;anonymous&gt; (/opt/paradox/apps/pfx/test/unit/screen-device.test.js:56:13)</failure>
    </testcase>
    <testcase classname="ScreenDevice command handling should handle videoQueue command" name="ScreenDevice command handling should handle videoQueue command" time="5.254">
      <failure>Error: MPV IPC socket creation timeout
    at MpvZoneManager._waitForIpcSocket (/opt/paradox/apps/pfx/lib/media/mpv-zone-manager.js:301:15)
    at MpvZoneManager.initialize (/opt/paradox/apps/pfx/lib/media/mpv-zone-manager.js:219:13)
    at MediaPlayerFactory.createZoneManager (/opt/paradox/apps/pfx/lib/media/media-player-factory.js:50:9)
    at ScreenDevice.initialize (/opt/paradox/apps/pfx/lib/devices/screen-device.js:64:32)
    at Object.&lt;anonymous&gt; (/opt/paradox/apps/pfx/test/unit/screen-device.test.js:56:13)</failure>
    </testcase>
    <testcase classname="ScreenDevice command handling should throw error for unknown command" name="ScreenDevice command handling should throw error for unknown command" time="5.066">
      <failure>Error: MPV IPC socket creation timeout
    at MpvZoneManager._waitForIpcSocket (/opt/paradox/apps/pfx/lib/media/mpv-zone-manager.js:301:15)
    at MpvZoneManager.initialize (/opt/paradox/apps/pfx/lib/media/mpv-zone-manager.js:219:13)
    at MediaPlayerFactory.createZoneManager (/opt/paradox/apps/pfx/lib/media/media-player-factory.js:50:9)
    at ScreenDevice.initialize (/opt/paradox/apps/pfx/lib/devices/screen-device.js:64:32)
    at Object.&lt;anonymous&gt; (/opt/paradox/apps/pfx/test/unit/screen-device.test.js:56:13)</failure>
    </testcase>
    <testcase classname="ScreenDevice command handling should handle command with missing parameters" name="ScreenDevice command handling should handle command with missing parameters" time="5.046">
      <failure>Error: MPV IPC socket creation timeout
    at MpvZoneManager._waitForIpcSocket (/opt/paradox/apps/pfx/lib/media/mpv-zone-manager.js:301:15)
    at MpvZoneManager.initialize (/opt/paradox/apps/pfx/lib/media/mpv-zone-manager.js:219:13)
    at MediaPlayerFactory.createZoneManager (/opt/paradox/apps/pfx/lib/media/media-player-factory.js:50:9)
    at ScreenDevice.initialize (/opt/paradox/apps/pfx/lib/devices/screen-device.js:64:32)
    at Object.&lt;anonymous&gt; (/opt/paradox/apps/pfx/test/unit/screen-device.test.js:56:13)</failure>
    </testcase>
    <testcase classname="ScreenDevice queue management should respect video queue maximum" name="ScreenDevice queue management should respect video queue maximum" time="5.051">
      <failure>Error: MPV IPC socket creation timeout
    at MpvZoneManager._waitForIpcSocket (/opt/paradox/apps/pfx/lib/media/mpv-zone-manager.js:301:15)
    at MpvZoneManager.initialize (/opt/paradox/apps/pfx/lib/media/mpv-zone-manager.js:219:13)
    at MediaPlayerFactory.createZoneManager (/opt/paradox/apps/pfx/lib/media/media-player-factory.js:50:9)
    at ScreenDevice.initialize (/opt/paradox/apps/pfx/lib/devices/screen-device.js:64:32)
    at Object.&lt;anonymous&gt; (/opt/paradox/apps/pfx/test/unit/screen-device.test.js:180:13)</failure>
    </testcase>
    <testcase classname="ScreenDevice queue management should not add duplicate videos to queue" name="ScreenDevice queue management should not add duplicate videos to queue" time="5.052">
      <failure>Error: MPV IPC socket creation timeout
    at MpvZoneManager._waitForIpcSocket (/opt/paradox/apps/pfx/lib/media/mpv-zone-manager.js:301:15)
    at MpvZoneManager.initialize (/opt/paradox/apps/pfx/lib/media/mpv-zone-manager.js:219:13)
    at MediaPlayerFactory.createZoneManager (/opt/paradox/apps/pfx/lib/media/media-player-factory.js:50:9)
    at ScreenDevice.initialize (/opt/paradox/apps/pfx/lib/devices/screen-device.js:64:32)
    at Object.&lt;anonymous&gt; (/opt/paradox/apps/pfx/test/unit/screen-device.test.js:180:13)</failure>
    </testcase>
    <testcase classname="ScreenDevice queue management should respect audio queue maximum" name="ScreenDevice queue management should respect audio queue maximum" time="5.048">
      <failure>Error: MPV IPC socket creation timeout
    at MpvZoneManager._waitForIpcSocket (/opt/paradox/apps/pfx/lib/media/mpv-zone-manager.js:301:15)
    at MpvZoneManager.initialize (/opt/paradox/apps/pfx/lib/media/mpv-zone-manager.js:219:13)
    at MediaPlayerFactory.createZoneManager (/opt/paradox/apps/pfx/lib/media/media-player-factory.js:50:9)
    at ScreenDevice.initialize (/opt/paradox/apps/pfx/lib/devices/screen-device.js:64:32)
    at Object.&lt;anonymous&gt; (/opt/paradox/apps/pfx/test/unit/screen-device.test.js:180:13)</failure>
    </testcase>
    <testcase classname="ScreenDevice error handling should publish error messages" name="ScreenDevice error handling should publish error messages" time="5.057">
      <failure>Error: MPV IPC socket creation timeout
    at MpvZoneManager._waitForIpcSocket (/opt/paradox/apps/pfx/lib/media/mpv-zone-manager.js:301:15)
    at MpvZoneManager.initialize (/opt/paradox/apps/pfx/lib/media/mpv-zone-manager.js:219:13)
    at MediaPlayerFactory.createZoneManager (/opt/paradox/apps/pfx/lib/media/media-player-factory.js:50:9)
    at ScreenDevice.initialize (/opt/paradox/apps/pfx/lib/devices/screen-device.js:64:32)
    at Object.&lt;anonymous&gt; (/opt/paradox/apps/pfx/test/unit/screen-device.test.js:214:13)</failure>
    </testcase>
    <testcase classname="ScreenDevice shutdown should shutdown cleanly" name="ScreenDevice shutdown should shutdown cleanly" time="5.076">
      <failure>Error: MPV IPC socket creation timeout
    at MpvZoneManager._waitForIpcSocket (/opt/paradox/apps/pfx/lib/media/mpv-zone-manager.js:301:15)
    at MpvZoneManager.initialize (/opt/paradox/apps/pfx/lib/media/mpv-zone-manager.js:219:13)
    at MediaPlayerFactory.createZoneManager (/opt/paradox/apps/pfx/lib/media/media-player-factory.js:50:9)
    at ScreenDevice.initialize (/opt/paradox/apps/pfx/lib/devices/screen-device.js:64:32)
    at Object.&lt;anonymous&gt; (/opt/paradox/apps/pfx/test/unit/screen-device.test.js:243:13)</failure>
    </testcase>
  </testsuite>
  <testsuite name="MQTT Integration" errors="0" failures="5" skipped="0" timestamp="2025-07-27T20:11:19" time="100.12" tests="5">
    <testcase classname="MQTT Integration should connect to real MQTT broker" name="MQTT Integration should connect to real MQTT broker" time="20.003">
      <failure>Error: expect(received).resolves.toBeUndefined()

Received promise rejected instead of resolved
Rejected to value: [Error: MQTT connection timeout]
    at expect (/opt/paradox/apps/pfx/node_modules/expect/build/index.js:113:15)
    at Object.expect (/opt/paradox/apps/pfx/test/integration/mqtt-integration.test.js:51:15)
    at Promise.then.completed (/opt/paradox/apps/pfx/node_modules/jest-circus/build/utils.js:298:28)
    at new Promise (&lt;anonymous&gt;)
    at callAsyncCircusFn (/opt/paradox/apps/pfx/node_modules/jest-circus/build/utils.js:231:10)
    at _callCircusTest (/opt/paradox/apps/pfx/node_modules/jest-circus/build/run.js:316:40)
    at processTicksAndRejections (node:internal/process/task_queues:105:5)
    at _runTest (/opt/paradox/apps/pfx/node_modules/jest-circus/build/run.js:252:3)
    at _runTestsForDescribeBlock (/opt/paradox/apps/pfx/node_modules/jest-circus/build/run.js:126:9)
    at _runTestsForDescribeBlock (/opt/paradox/apps/pfx/node_modules/jest-circus/build/run.js:121:9)
    at run (/opt/paradox/apps/pfx/node_modules/jest-circus/build/run.js:71:3)
    at runAndTransformResultsToJestFormat (/opt/paradox/apps/pfx/node_modules/jest-circus/build/legacy-code-todo-rewrite/jestAdapterInit.js:122:21)
    at jestAdapter (/opt/paradox/apps/pfx/node_modules/jest-circus/build/legacy-code-todo-rewrite/jestAdapter.js:79:19)
    at runTestInternal (/opt/paradox/apps/pfx/node_modules/jest-runner/build/runTest.js:367:16)
    at runTest (/opt/paradox/apps/pfx/node_modules/jest-runner/build/runTest.js:444:34)
    at Object.worker (/opt/paradox/apps/pfx/node_modules/jest-runner/build/testWorker.js:106:12)</failure>
      <failure>Error: thrown: &quot;Exceeded timeout of 10000 ms for a hook.
Add a timeout value to this test to increase the timeout, if this is a long-running test. See https://jestjs.io/docs/api#testname-fn-timeout.&quot;
    at afterEach (/opt/paradox/apps/pfx/test/integration/mqtt-integration.test.js:36:5)
    at _dispatchDescribe (/opt/paradox/apps/pfx/node_modules/jest-circus/build/index.js:91:26)
    at describe (/opt/paradox/apps/pfx/node_modules/jest-circus/build/index.js:55:5)
    at Object.describe (/opt/paradox/apps/pfx/test/integration/mqtt-integration.test.js:8:1)
    at Runtime._execModule (/opt/paradox/apps/pfx/node_modules/jest-runtime/build/index.js:1439:24)
    at Runtime._loadModule (/opt/paradox/apps/pfx/node_modules/jest-runtime/build/index.js:1022:12)
    at Runtime.requireModule (/opt/paradox/apps/pfx/node_modules/jest-runtime/build/index.js:882:12)
    at jestAdapter (/opt/paradox/apps/pfx/node_modules/jest-circus/build/legacy-code-todo-rewrite/jestAdapter.js:77:13)
    at processTicksAndRejections (node:internal/process/task_queues:105:5)
    at runTestInternal (/opt/paradox/apps/pfx/node_modules/jest-runner/build/runTest.js:367:16)
    at runTest (/opt/paradox/apps/pfx/node_modules/jest-runner/build/runTest.js:444:34)
    at Object.worker (/opt/paradox/apps/pfx/node_modules/jest-runner/build/testWorker.js:106:12)</failure>
    </testcase>
    <testcase classname="MQTT Integration should publish and receive messages" name="MQTT Integration should publish and receive messages" time="20.004">
      <failure>Error: thrown: &quot;Exceeded timeout of 10000 ms for a test.
Add a timeout value to this test to increase the timeout, if this is a long-running test. See https://jestjs.io/docs/api#testname-fn-timeout.&quot;
    at test (/opt/paradox/apps/pfx/test/integration/mqtt-integration.test.js:55:5)
    at _dispatchDescribe (/opt/paradox/apps/pfx/node_modules/jest-circus/build/index.js:91:26)
    at describe (/opt/paradox/apps/pfx/node_modules/jest-circus/build/index.js:55:5)
    at Object.describe (/opt/paradox/apps/pfx/test/integration/mqtt-integration.test.js:8:1)
    at Runtime._execModule (/opt/paradox/apps/pfx/node_modules/jest-runtime/build/index.js:1439:24)
    at Runtime._loadModule (/opt/paradox/apps/pfx/node_modules/jest-runtime/build/index.js:1022:12)
    at Runtime.requireModule (/opt/paradox/apps/pfx/node_modules/jest-runtime/build/index.js:882:12)
    at jestAdapter (/opt/paradox/apps/pfx/node_modules/jest-circus/build/legacy-code-todo-rewrite/jestAdapter.js:77:13)
    at processTicksAndRejections (node:internal/process/task_queues:105:5)
    at runTestInternal (/opt/paradox/apps/pfx/node_modules/jest-runner/build/runTest.js:367:16)
    at runTest (/opt/paradox/apps/pfx/node_modules/jest-runner/build/runTest.js:444:34)
    at Object.worker (/opt/paradox/apps/pfx/node_modules/jest-runner/build/testWorker.js:106:12)</failure>
      <failure>Error: thrown: &quot;Exceeded timeout of 10000 ms for a hook.
Add a timeout value to this test to increase the timeout, if this is a long-running test. See https://jestjs.io/docs/api#testname-fn-timeout.&quot;
    at afterEach (/opt/paradox/apps/pfx/test/integration/mqtt-integration.test.js:36:5)
    at _dispatchDescribe (/opt/paradox/apps/pfx/node_modules/jest-circus/build/index.js:91:26)
    at describe (/opt/paradox/apps/pfx/node_modules/jest-circus/build/index.js:55:5)
    at Object.describe (/opt/paradox/apps/pfx/test/integration/mqtt-integration.test.js:8:1)
    at Runtime._execModule (/opt/paradox/apps/pfx/node_modules/jest-runtime/build/index.js:1439:24)
    at Runtime._loadModule (/opt/paradox/apps/pfx/node_modules/jest-runtime/build/index.js:1022:12)
    at Runtime.requireModule (/opt/paradox/apps/pfx/node_modules/jest-runtime/build/index.js:882:12)
    at jestAdapter (/opt/paradox/apps/pfx/node_modules/jest-circus/build/legacy-code-todo-rewrite/jestAdapter.js:77:13)
    at processTicksAndRejections (node:internal/process/task_queues:105:5)
    at runTestInternal (/opt/paradox/apps/pfx/node_modules/jest-runner/build/runTest.js:367:16)
    at runTest (/opt/paradox/apps/pfx/node_modules/jest-runner/build/runTest.js:444:34)
    at Object.worker (/opt/paradox/apps/pfx/node_modules/jest-runner/build/testWorker.js:106:12)</failure>
    </testcase>
    <testcase classname="MQTT Integration should handle multiple subscribers" name="MQTT Integration should handle multiple subscribers" time="20.002">
      <failure>Error: thrown: &quot;Exceeded timeout of 10000 ms for a test.
Add a timeout value to this test to increase the timeout, if this is a long-running test. See https://jestjs.io/docs/api#testname-fn-timeout.&quot;
    at test (/opt/paradox/apps/pfx/test/integration/mqtt-integration.test.js:88:5)
    at _dispatchDescribe (/opt/paradox/apps/pfx/node_modules/jest-circus/build/index.js:91:26)
    at describe (/opt/paradox/apps/pfx/node_modules/jest-circus/build/index.js:55:5)
    at Object.describe (/opt/paradox/apps/pfx/test/integration/mqtt-integration.test.js:8:1)
    at Runtime._execModule (/opt/paradox/apps/pfx/node_modules/jest-runtime/build/index.js:1439:24)
    at Runtime._loadModule (/opt/paradox/apps/pfx/node_modules/jest-runtime/build/index.js:1022:12)
    at Runtime.requireModule (/opt/paradox/apps/pfx/node_modules/jest-runtime/build/index.js:882:12)
    at jestAdapter (/opt/paradox/apps/pfx/node_modules/jest-circus/build/legacy-code-todo-rewrite/jestAdapter.js:77:13)
    at processTicksAndRejections (node:internal/process/task_queues:105:5)
    at runTestInternal (/opt/paradox/apps/pfx/node_modules/jest-runner/build/runTest.js:367:16)
    at runTest (/opt/paradox/apps/pfx/node_modules/jest-runner/build/runTest.js:444:34)
    at Object.worker (/opt/paradox/apps/pfx/node_modules/jest-runner/build/testWorker.js:106:12)</failure>
      <failure>Error: thrown: &quot;Exceeded timeout of 10000 ms for a hook.
Add a timeout value to this test to increase the timeout, if this is a long-running test. See https://jestjs.io/docs/api#testname-fn-timeout.&quot;
    at afterEach (/opt/paradox/apps/pfx/test/integration/mqtt-integration.test.js:36:5)
    at _dispatchDescribe (/opt/paradox/apps/pfx/node_modules/jest-circus/build/index.js:91:26)
    at describe (/opt/paradox/apps/pfx/node_modules/jest-circus/build/index.js:55:5)
    at Object.describe (/opt/paradox/apps/pfx/test/integration/mqtt-integration.test.js:8:1)
    at Runtime._execModule (/opt/paradox/apps/pfx/node_modules/jest-runtime/build/index.js:1439:24)
    at Runtime._loadModule (/opt/paradox/apps/pfx/node_modules/jest-runtime/build/index.js:1022:12)
    at Runtime.requireModule (/opt/paradox/apps/pfx/node_modules/jest-runtime/build/index.js:882:12)
    at jestAdapter (/opt/paradox/apps/pfx/node_modules/jest-circus/build/legacy-code-todo-rewrite/jestAdapter.js:77:13)
    at processTicksAndRejections (node:internal/process/task_queues:105:5)
    at runTestInternal (/opt/paradox/apps/pfx/node_modules/jest-runner/build/runTest.js:367:16)
    at runTest (/opt/paradox/apps/pfx/node_modules/jest-runner/build/runTest.js:444:34)
    at Object.worker (/opt/paradox/apps/pfx/node_modules/jest-runner/build/testWorker.js:106:12)</failure>
    </testcase>
    <testcase classname="MQTT Integration should handle connection loss and reconnection" name="MQTT Integration should handle connection loss and reconnection" time="20">
      <failure>Error: thrown: &quot;Exceeded timeout of 10000 ms for a test.
Add a timeout value to this test to increase the timeout, if this is a long-running test. See https://jestjs.io/docs/api#testname-fn-timeout.&quot;
    at test (/opt/paradox/apps/pfx/test/integration/mqtt-integration.test.js:133:5)
    at _dispatchDescribe (/opt/paradox/apps/pfx/node_modules/jest-circus/build/index.js:91:26)
    at describe (/opt/paradox/apps/pfx/node_modules/jest-circus/build/index.js:55:5)
    at Object.describe (/opt/paradox/apps/pfx/test/integration/mqtt-integration.test.js:8:1)
    at Runtime._execModule (/opt/paradox/apps/pfx/node_modules/jest-runtime/build/index.js:1439:24)
    at Runtime._loadModule (/opt/paradox/apps/pfx/node_modules/jest-runtime/build/index.js:1022:12)
    at Runtime.requireModule (/opt/paradox/apps/pfx/node_modules/jest-runtime/build/index.js:882:12)
    at jestAdapter (/opt/paradox/apps/pfx/node_modules/jest-circus/build/legacy-code-todo-rewrite/jestAdapter.js:77:13)
    at processTicksAndRejections (node:internal/process/task_queues:105:5)
    at runTestInternal (/opt/paradox/apps/pfx/node_modules/jest-runner/build/runTest.js:367:16)
    at runTest (/opt/paradox/apps/pfx/node_modules/jest-runner/build/runTest.js:444:34)
    at Object.worker (/opt/paradox/apps/pfx/node_modules/jest-runner/build/testWorker.js:106:12)</failure>
      <failure>Error: thrown: &quot;Exceeded timeout of 10000 ms for a hook.
Add a timeout value to this test to increase the timeout, if this is a long-running test. See https://jestjs.io/docs/api#testname-fn-timeout.&quot;
    at afterEach (/opt/paradox/apps/pfx/test/integration/mqtt-integration.test.js:36:5)
    at _dispatchDescribe (/opt/paradox/apps/pfx/node_modules/jest-circus/build/index.js:91:26)
    at describe (/opt/paradox/apps/pfx/node_modules/jest-circus/build/index.js:55:5)
    at Object.describe (/opt/paradox/apps/pfx/test/integration/mqtt-integration.test.js:8:1)
    at Runtime._execModule (/opt/paradox/apps/pfx/node_modules/jest-runtime/build/index.js:1439:24)
    at Runtime._loadModule (/opt/paradox/apps/pfx/node_modules/jest-runtime/build/index.js:1022:12)
    at Runtime.requireModule (/opt/paradox/apps/pfx/node_modules/jest-runtime/build/index.js:882:12)
    at jestAdapter (/opt/paradox/apps/pfx/node_modules/jest-circus/build/legacy-code-todo-rewrite/jestAdapter.js:77:13)
    at processTicksAndRejections (node:internal/process/task_queues:105:5)
    at runTestInternal (/opt/paradox/apps/pfx/node_modules/jest-runner/build/runTest.js:367:16)
    at runTest (/opt/paradox/apps/pfx/node_modules/jest-runner/build/runTest.js:444:34)
    at Object.worker (/opt/paradox/apps/pfx/node_modules/jest-runner/build/testWorker.js:106:12)</failure>
    </testcase>
    <testcase classname="MQTT Integration should respect QoS settings" name="MQTT Integration should respect QoS settings" time="20.002">
      <failure>Error: thrown: &quot;Exceeded timeout of 10000 ms for a test.
Add a timeout value to this test to increase the timeout, if this is a long-running test. See https://jestjs.io/docs/api#testname-fn-timeout.&quot;
    at test (/opt/paradox/apps/pfx/test/integration/mqtt-integration.test.js:149:5)
    at _dispatchDescribe (/opt/paradox/apps/pfx/node_modules/jest-circus/build/index.js:91:26)
    at describe (/opt/paradox/apps/pfx/node_modules/jest-circus/build/index.js:55:5)
    at Object.describe (/opt/paradox/apps/pfx/test/integration/mqtt-integration.test.js:8:1)
    at Runtime._execModule (/opt/paradox/apps/pfx/node_modules/jest-runtime/build/index.js:1439:24)
    at Runtime._loadModule (/opt/paradox/apps/pfx/node_modules/jest-runtime/build/index.js:1022:12)
    at Runtime.requireModule (/opt/paradox/apps/pfx/node_modules/jest-runtime/build/index.js:882:12)
    at jestAdapter (/opt/paradox/apps/pfx/node_modules/jest-circus/build/legacy-code-todo-rewrite/jestAdapter.js:77:13)
    at processTicksAndRejections (node:internal/process/task_queues:105:5)
    at runTestInternal (/opt/paradox/apps/pfx/node_modules/jest-runner/build/runTest.js:367:16)
    at runTest (/opt/paradox/apps/pfx/node_modules/jest-runner/build/runTest.js:444:34)
    at Object.worker (/opt/paradox/apps/pfx/node_modules/jest-runner/build/testWorker.js:106:12)</failure>
      <failure>Error: thrown: &quot;Exceeded timeout of 10000 ms for a hook.
Add a timeout value to this test to increase the timeout, if this is a long-running test. See https://jestjs.io/docs/api#testname-fn-timeout.&quot;
    at afterEach (/opt/paradox/apps/pfx/test/integration/mqtt-integration.test.js:36:5)
    at _dispatchDescribe (/opt/paradox/apps/pfx/node_modules/jest-circus/build/index.js:91:26)
    at describe (/opt/paradox/apps/pfx/node_modules/jest-circus/build/index.js:55:5)
    at Object.describe (/opt/paradox/apps/pfx/test/integration/mqtt-integration.test.js:8:1)
    at Runtime._execModule (/opt/paradox/apps/pfx/node_modules/jest-runtime/build/index.js:1439:24)
    at Runtime._loadModule (/opt/paradox/apps/pfx/node_modules/jest-runtime/build/index.js:1022:12)
    at Runtime.requireModule (/opt/paradox/apps/pfx/node_modules/jest-runtime/build/index.js:882:12)
    at jestAdapter (/opt/paradox/apps/pfx/node_modules/jest-circus/build/legacy-code-todo-rewrite/jestAdapter.js:77:13)
    at processTicksAndRejections (node:internal/process/task_queues:105:5)
    at runTestInternal (/opt/paradox/apps/pfx/node_modules/jest-runner/build/runTest.js:367:16)
    at runTest (/opt/paradox/apps/pfx/node_modules/jest-runner/build/runTest.js:444:34)
    at Object.worker (/opt/paradox/apps/pfx/node_modules/jest-runner/build/testWorker.js:106:12)</failure>
    </testcase>
  </testsuite>
</testsuites>